2025-03-22 10:47:02 [main] INFO  Model.Database.JooqDataManager - Initializing JooqDataManager with connection pooling: src/test/resources/javenderDatabase.db
2025-03-22 10:47:02 [main] INFO  com.zaxxer.hikari.HikariDataSource - HikariPool-1 - Starting...
2025-03-22 10:47:03 [main] INFO  com.zaxxer.hikari.pool.HikariPool - HikariPool-1 - Added connection org.sqlite.jdbc4.JDBC4Connection@531f4093
2025-03-22 10:47:03 [main] INFO  com.zaxxer.hikari.HikariDataSource - HikariPool-1 - Start completed.
2025-03-22 10:47:03 [main] INFO  com.zaxxer.hikari.HikariDataSource - HikariPool-1 - Shutdown initiated...
2025-03-22 10:47:03 [main] INFO  com.zaxxer.hikari.HikariDataSource - HikariPool-1 - Shutdown completed.
2025-03-22 10:47:03 [main] INFO  Model.Database.JooqDataManager - Database connection pool closed.
2025-03-22 10:47:03 [main] INFO  Model.Database.JooqDataManager - Initializing JooqDataManager with connection pooling: src/test/resources/javenderDataBase.db
2025-03-22 10:47:03 [main] INFO  com.zaxxer.hikari.HikariDataSource - HikariPool-2 - Starting...
2025-03-22 10:47:03 [main] INFO  com.zaxxer.hikari.pool.HikariPool - HikariPool-2 - Added connection org.sqlite.jdbc4.JDBC4Connection@39fcbef6
2025-03-22 10:47:03 [main] INFO  com.zaxxer.hikari.HikariDataSource - HikariPool-2 - Start completed.
2025-03-22 10:47:03 [main] INFO  Model.Database.JooqDataManager - Fetching tag by title: Personal
2025-03-22 10:47:03 [main] INFO  com.zaxxer.hikari.HikariDataSource - HikariPool-2 - Shutdown initiated...
2025-03-22 10:47:03 [main] INFO  com.zaxxer.hikari.HikariDataSource - HikariPool-2 - Shutdown completed.
2025-03-22 10:47:03 [main] INFO  Model.Database.JooqDataManager - Database connection pool closed.
2025-03-22 10:47:03 [main] INFO  Model.Database.JooqDataManager - Initializing JooqDataManager with connection pooling: src/test/resources/javenderDataBase.db
2025-03-22 10:47:03 [main] INFO  com.zaxxer.hikari.HikariDataSource - HikariPool-3 - Starting...
2025-03-22 10:47:03 [main] INFO  com.zaxxer.hikari.pool.HikariPool - HikariPool-3 - Added connection org.sqlite.jdbc4.JDBC4Connection@3c5a54b7
2025-03-22 10:47:03 [main] INFO  com.zaxxer.hikari.HikariDataSource - HikariPool-3 - Start completed.
2025-03-22 10:47:03 [main] INFO  Model.Database.JooqDataManager - Updating appointment: Appointment{appointmentId=999, startDate=2025-03-22T10:47:03.468100, endDate=2025-03-22T10:47:03.468115, title='Non-existent', description='Non-existent', tags=[]}
2025-03-22 10:47:03 [main] INFO  Model.Database.JooqDataManager - Fetching appointment with ID: 999
2025-03-22 10:47:03 [main] WARN  Model.Database.JooqDataManager - No appointment found in database for ID: 999
2025-03-22 10:47:03 [main] WARN  Model.Database.JooqDataManager - No appointment found with ID: 999
2025-03-22 10:47:03 [main] ERROR Model.Database.JooqDataManager - Database operation failed
Model.Database.DataManagerException: No appointment found with ID: 999
	at Model.Database.JooqDataManager.lambda$updateAppointment$17(JooqDataManager.java:388)
	at Model.Database.JooqDataManager.tryWithDSL(JooqDataManager.java:53)
	at Model.Database.JooqDataManager.updateAppointment(JooqDataManager.java:383)
	at DatabaseGetTests.lambda$testUpdateAppointmentThatDoesNotExist$0(DatabaseGetTests.java:206)
	at org.junit.jupiter.api.AssertThrows.assertThrows(AssertThrows.java:53)
	at org.junit.jupiter.api.AssertThrows.assertThrows(AssertThrows.java:35)
	at org.junit.jupiter.api.Assertions.assertThrows(Assertions.java:3111)
	at DatabaseGetTests.testUpdateAppointmentThatDoesNotExist(DatabaseGetTests.java:206)
	at java.base/jdk.internal.reflect.DirectMethodHandleAccessor.invoke(DirectMethodHandleAccessor.java:103)
	at java.base/java.lang.reflect.Method.invoke(Method.java:580)
	at org.junit.platform.commons.util.ReflectionUtils.invokeMethod(ReflectionUtils.java:728)
	at org.junit.jupiter.engine.execution.MethodInvocation.proceed(MethodInvocation.java:60)
	at org.junit.jupiter.engine.execution.InvocationInterceptorChain$ValidatingInvocation.proceed(InvocationInterceptorChain.java:131)
	at org.junit.jupiter.engine.extension.TimeoutExtension.intercept(TimeoutExtension.java:156)
	at org.junit.jupiter.engine.extension.TimeoutExtension.interceptTestableMethod(TimeoutExtension.java:147)
	at org.junit.jupiter.engine.extension.TimeoutExtension.interceptTestMethod(TimeoutExtension.java:86)
	at org.junit.jupiter.engine.execution.InterceptingExecutableInvoker$ReflectiveInterceptorCall.lambda$ofVoidMethod$0(InterceptingExecutableInvoker.java:103)
	at org.junit.jupiter.engine.execution.InterceptingExecutableInvoker.lambda$invoke$0(InterceptingExecutableInvoker.java:93)
	at org.junit.jupiter.engine.execution.InvocationInterceptorChain$InterceptedInvocation.proceed(InvocationInterceptorChain.java:106)
	at org.junit.jupiter.engine.execution.InvocationInterceptorChain.proceed(InvocationInterceptorChain.java:64)
	at org.junit.jupiter.engine.execution.InvocationInterceptorChain.chainAndInvoke(InvocationInterceptorChain.java:45)
	at org.junit.jupiter.engine.execution.InvocationInterceptorChain.invoke(InvocationInterceptorChain.java:37)
	at org.junit.jupiter.engine.execution.InterceptingExecutableInvoker.invoke(InterceptingExecutableInvoker.java:92)
	at org.junit.jupiter.engine.execution.InterceptingExecutableInvoker.invoke(InterceptingExecutableInvoker.java:86)
	at org.junit.jupiter.engine.descriptor.TestMethodTestDescriptor.lambda$invokeTestMethod$7(TestMethodTestDescriptor.java:218)
	at org.junit.platform.engine.support.hierarchical.ThrowableCollector.execute(ThrowableCollector.java:73)
	at org.junit.jupiter.engine.descriptor.TestMethodTestDescriptor.invokeTestMethod(TestMethodTestDescriptor.java:214)
	at org.junit.jupiter.engine.descriptor.TestMethodTestDescriptor.execute(TestMethodTestDescriptor.java:139)
	at org.junit.jupiter.engine.descriptor.TestMethodTestDescriptor.execute(TestMethodTestDescriptor.java:69)
	at org.junit.platform.engine.support.hierarchical.NodeTestTask.lambda$executeRecursively$6(NodeTestTask.java:151)
	at org.junit.platform.engine.support.hierarchical.ThrowableCollector.execute(ThrowableCollector.java:73)
	at org.junit.platform.engine.support.hierarchical.NodeTestTask.lambda$executeRecursively$8(NodeTestTask.java:141)
	at org.junit.platform.engine.support.hierarchical.Node.around(Node.java:137)
	at org.junit.platform.engine.support.hierarchical.NodeTestTask.lambda$executeRecursively$9(NodeTestTask.java:139)
	at org.junit.platform.engine.support.hierarchical.ThrowableCollector.execute(ThrowableCollector.java:73)
	at org.junit.platform.engine.support.hierarchical.NodeTestTask.executeRecursively(NodeTestTask.java:138)
	at org.junit.platform.engine.support.hierarchical.NodeTestTask.execute(NodeTestTask.java:95)
	at java.base/java.util.ArrayList.forEach(ArrayList.java:1596)
	at org.junit.platform.engine.support.hierarchical.SameThreadHierarchicalTestExecutorService.invokeAll(SameThreadHierarchicalTestExecutorService.java:41)
	at org.junit.platform.engine.support.hierarchical.NodeTestTask.lambda$executeRecursively$6(NodeTestTask.java:155)
	at org.junit.platform.engine.support.hierarchical.ThrowableCollector.execute(ThrowableCollector.java:73)
	at org.junit.platform.engine.support.hierarchical.NodeTestTask.lambda$executeRecursively$8(NodeTestTask.java:141)
	at org.junit.platform.engine.support.hierarchical.Node.around(Node.java:137)
	at org.junit.platform.engine.support.hierarchical.NodeTestTask.lambda$executeRecursively$9(NodeTestTask.java:139)
	at org.junit.platform.engine.support.hierarchical.ThrowableCollector.execute(ThrowableCollector.java:73)
	at org.junit.platform.engine.support.hierarchical.NodeTestTask.executeRecursively(NodeTestTask.java:138)
	at org.junit.platform.engine.support.hierarchical.NodeTestTask.execute(NodeTestTask.java:95)
	at java.base/java.util.ArrayList.forEach(ArrayList.java:1596)
	at org.junit.platform.engine.support.hierarchical.SameThreadHierarchicalTestExecutorService.invokeAll(SameThreadHierarchicalTestExecutorService.java:41)
	at org.junit.platform.engine.support.hierarchical.NodeTestTask.lambda$executeRecursively$6(NodeTestTask.java:155)
	at org.junit.platform.engine.support.hierarchical.ThrowableCollector.execute(ThrowableCollector.java:73)
	at org.junit.platform.engine.support.hierarchical.NodeTestTask.lambda$executeRecursively$8(NodeTestTask.java:141)
	at org.junit.platform.engine.support.hierarchical.Node.around(Node.java:137)
	at org.junit.platform.engine.support.hierarchical.NodeTestTask.lambda$executeRecursively$9(NodeTestTask.java:139)
	at org.junit.platform.engine.support.hierarchical.ThrowableCollector.execute(ThrowableCollector.java:73)
	at org.junit.platform.engine.support.hierarchical.NodeTestTask.executeRecursively(NodeTestTask.java:138)
	at org.junit.platform.engine.support.hierarchical.NodeTestTask.execute(NodeTestTask.java:95)
	at org.junit.platform.engine.support.hierarchical.SameThreadHierarchicalTestExecutorService.submit(SameThreadHierarchicalTestExecutorService.java:35)
	at org.junit.platform.engine.support.hierarchical.HierarchicalTestExecutor.execute(HierarchicalTestExecutor.java:57)
	at org.junit.platform.engine.support.hierarchical.HierarchicalTestEngine.execute(HierarchicalTestEngine.java:54)
	at org.junit.platform.launcher.core.EngineExecutionOrchestrator.execute(EngineExecutionOrchestrator.java:198)
	at org.junit.platform.launcher.core.EngineExecutionOrchestrator.execute(EngineExecutionOrchestrator.java:169)
	at org.junit.platform.launcher.core.EngineExecutionOrchestrator.execute(EngineExecutionOrchestrator.java:93)
	at org.junit.platform.launcher.core.EngineExecutionOrchestrator.lambda$execute$0(EngineExecutionOrchestrator.java:58)
	at org.junit.platform.launcher.core.EngineExecutionOrchestrator.withInterceptedStreams(EngineExecutionOrchestrator.java:141)
	at org.junit.platform.launcher.core.EngineExecutionOrchestrator.execute(EngineExecutionOrchestrator.java:57)
	at org.junit.platform.launcher.core.DefaultLauncher.execute(DefaultLauncher.java:103)
	at org.junit.platform.launcher.core.DefaultLauncher.execute(DefaultLauncher.java:85)
	at org.junit.platform.launcher.core.DelegatingLauncher.execute(DelegatingLauncher.java:47)
	at org.apache.maven.surefire.junitplatform.LazyLauncher.execute(LazyLauncher.java:56)
	at org.apache.maven.surefire.junitplatform.JUnitPlatformProvider.execute(JUnitPlatformProvider.java:184)
	at org.apache.maven.surefire.junitplatform.JUnitPlatformProvider.invokeAllTests(JUnitPlatformProvider.java:148)
	at org.apache.maven.surefire.junitplatform.JUnitPlatformProvider.invoke(JUnitPlatformProvider.java:122)
	at org.apache.maven.surefire.booter.ForkedBooter.runSuitesInProcess(ForkedBooter.java:385)
	at org.apache.maven.surefire.booter.ForkedBooter.execute(ForkedBooter.java:162)
	at org.apache.maven.surefire.booter.ForkedBooter.run(ForkedBooter.java:507)
	at org.apache.maven.surefire.booter.ForkedBooter.main(ForkedBooter.java:495)
2025-03-22 10:47:03 [main] INFO  com.zaxxer.hikari.HikariDataSource - HikariPool-3 - Shutdown initiated...
2025-03-22 10:47:03 [main] INFO  com.zaxxer.hikari.HikariDataSource - HikariPool-3 - Shutdown completed.
2025-03-22 10:47:03 [main] INFO  Model.Database.JooqDataManager - Database connection pool closed.
2025-03-22 10:47:03 [main] INFO  Model.Database.JooqDataManager - Initializing JooqDataManager with connection pooling: src/test/resources/javenderDataBase.db
2025-03-22 10:47:03 [main] INFO  com.zaxxer.hikari.HikariDataSource - HikariPool-4 - Starting...
2025-03-22 10:47:03 [main] INFO  com.zaxxer.hikari.pool.HikariPool - HikariPool-4 - Added connection org.sqlite.jdbc4.JDBC4Connection@22101c80
2025-03-22 10:47:03 [main] INFO  com.zaxxer.hikari.HikariDataSource - HikariPool-4 - Start completed.
2025-03-22 10:47:03 [main] INFO  Model.Database.JooqDataManager - Fetching appointments with title: Non-existent
2025-03-22 10:47:03 [main] WARN  Model.Database.JooqDataManager - No appointments found with title: Non-existent
2025-03-22 10:47:03 [main] INFO  com.zaxxer.hikari.HikariDataSource - HikariPool-4 - Shutdown initiated...
2025-03-22 10:47:03 [main] INFO  com.zaxxer.hikari.HikariDataSource - HikariPool-4 - Shutdown completed.
2025-03-22 10:47:03 [main] INFO  Model.Database.JooqDataManager - Database connection pool closed.
2025-03-22 10:47:03 [main] INFO  Model.Database.JooqDataManager - Initializing JooqDataManager with connection pooling: src/test/resources/javenderDataBase.db
2025-03-22 10:47:03 [main] INFO  com.zaxxer.hikari.HikariDataSource - HikariPool-5 - Starting...
2025-03-22 10:47:03 [main] INFO  com.zaxxer.hikari.pool.HikariPool - HikariPool-5 - Added connection org.sqlite.jdbc4.JDBC4Connection@5c089b2f
2025-03-22 10:47:03 [main] INFO  com.zaxxer.hikari.HikariDataSource - HikariPool-5 - Start completed.
2025-03-22 10:47:03 [main] INFO  Model.Database.JooqDataManager - Fetching appointments on date: 2025-01-01 with filter: STARTDATE
2025-03-22 10:47:03 [main] INFO  Model.Database.JooqDataManager - Fetching Tags assigned to Appointment: 1
2025-03-22 10:47:03 [main] INFO  Model.Database.JooqDataManager - Fetching Tags assigned to Appointment: 2
2025-03-22 10:47:03 [main] INFO  com.zaxxer.hikari.HikariDataSource - HikariPool-5 - Shutdown initiated...
2025-03-22 10:47:03 [main] INFO  com.zaxxer.hikari.HikariDataSource - HikariPool-5 - Shutdown completed.
2025-03-22 10:47:03 [main] INFO  Model.Database.JooqDataManager - Database connection pool closed.
2025-03-22 10:47:03 [main] INFO  Model.Database.JooqDataManager - Initializing JooqDataManager with connection pooling: src/test/resources/javenderDataBase.db
2025-03-22 10:47:03 [main] INFO  com.zaxxer.hikari.HikariDataSource - HikariPool-6 - Starting...
2025-03-22 10:47:03 [main] INFO  com.zaxxer.hikari.pool.HikariPool - HikariPool-6 - Added connection org.sqlite.jdbc4.JDBC4Connection@65327f5
2025-03-22 10:47:03 [main] INFO  com.zaxxer.hikari.HikariDataSource - HikariPool-6 - Start completed.
2025-03-22 10:47:03 [main] INFO  Model.Database.JooqDataManager - Fetching Tag with ID: 999
2025-03-22 10:47:03 [main] WARN  Model.Database.JooqDataManager - No Tag found with ID: 999
2025-03-22 10:47:03 [main] INFO  com.zaxxer.hikari.HikariDataSource - HikariPool-6 - Shutdown initiated...
2025-03-22 10:47:03 [main] INFO  com.zaxxer.hikari.HikariDataSource - HikariPool-6 - Shutdown completed.
2025-03-22 10:47:03 [main] INFO  Model.Database.JooqDataManager - Database connection pool closed.
2025-03-22 10:47:03 [main] INFO  Model.Database.JooqDataManager - Initializing JooqDataManager with connection pooling: src/test/resources/javenderDataBase.db
2025-03-22 10:47:03 [main] INFO  com.zaxxer.hikari.HikariDataSource - HikariPool-7 - Starting...
2025-03-22 10:47:03 [main] INFO  com.zaxxer.hikari.pool.HikariPool - HikariPool-7 - Added connection org.sqlite.jdbc4.JDBC4Connection@4917d36b
2025-03-22 10:47:03 [main] INFO  com.zaxxer.hikari.HikariDataSource - HikariPool-7 - Start completed.
2025-03-22 10:47:03 [main] INFO  Model.Database.JooqDataManager - Fetching Tag with ID: 1
2025-03-22 10:47:03 [main] INFO  com.zaxxer.hikari.HikariDataSource - HikariPool-7 - Shutdown initiated...
2025-03-22 10:47:03 [main] INFO  com.zaxxer.hikari.HikariDataSource - HikariPool-7 - Shutdown completed.
2025-03-22 10:47:03 [main] INFO  Model.Database.JooqDataManager - Database connection pool closed.
2025-03-22 10:47:03 [main] INFO  Model.Database.JooqDataManager - Initializing JooqDataManager with connection pooling: src/test/resources/javenderDataBase.db
2025-03-22 10:47:03 [main] INFO  com.zaxxer.hikari.HikariDataSource - HikariPool-8 - Starting...
2025-03-22 10:47:03 [main] INFO  com.zaxxer.hikari.pool.HikariPool - HikariPool-8 - Added connection org.sqlite.jdbc4.JDBC4Connection@42f22995
2025-03-22 10:47:03 [main] INFO  com.zaxxer.hikari.HikariDataSource - HikariPool-8 - Start completed.
2025-03-22 10:47:03 [main] INFO  Model.Database.JooqDataManager - Fetching the next 3 upcoming appointments after 2025-01-01T00:00
2025-03-22 10:47:03 [main] INFO  Model.Database.JooqDataManager - Fetching Tags assigned to Appointment: 1
2025-03-22 10:47:03 [main] INFO  Model.Database.JooqDataManager - Fetching Tags assigned to Appointment: 2
2025-03-22 10:47:03 [main] INFO  Model.Database.JooqDataManager - Fetching Tags assigned to Appointment: 3
2025-03-22 10:47:03 [main] INFO  Model.Database.JooqDataManager - Fetching the next 2 upcoming appointments after 2025-01-01T10:00
2025-03-22 10:47:03 [main] INFO  Model.Database.JooqDataManager - Fetching Tags assigned to Appointment: 2
2025-03-22 10:47:03 [main] INFO  Model.Database.JooqDataManager - Fetching Tags assigned to Appointment: 3
2025-03-22 10:47:03 [main] INFO  com.zaxxer.hikari.HikariDataSource - HikariPool-8 - Shutdown initiated...
2025-03-22 10:47:03 [main] INFO  com.zaxxer.hikari.HikariDataSource - HikariPool-8 - Shutdown completed.
2025-03-22 10:47:03 [main] INFO  Model.Database.JooqDataManager - Database connection pool closed.
2025-03-22 10:47:03 [main] INFO  Model.Database.JooqDataManager - Initializing JooqDataManager with connection pooling: src/test/resources/javenderDataBase.db
2025-03-22 10:47:03 [main] INFO  com.zaxxer.hikari.HikariDataSource - HikariPool-9 - Starting...
2025-03-22 10:47:03 [main] INFO  com.zaxxer.hikari.pool.HikariPool - HikariPool-9 - Added connection org.sqlite.jdbc4.JDBC4Connection@695a69a1
2025-03-22 10:47:03 [main] INFO  com.zaxxer.hikari.HikariDataSource - HikariPool-9 - Start completed.
2025-03-22 10:47:03 [main] INFO  Model.Database.JooqDataManager - Fetching appointment with ID: 1
2025-03-22 10:47:03 [main] INFO  Model.Database.JooqDataManager - Fetching Tags assigned to Appointment: 1
2025-03-22 10:47:03 [main] INFO  Model.Database.JooqDataManager - Updating appointment: Appointment{appointmentId=1, startDate=2025-01-01T09:00, endDate=2025-01-01T10:00, title='Updated Title', description='Updated Description', tags=[Tag{tagId=1, name='Personal', color=red}]}
2025-03-22 10:47:03 [main] INFO  Model.Database.JooqDataManager - Fetching appointment with ID: 1
2025-03-22 10:47:03 [main] INFO  Model.Database.JooqDataManager - Fetching Tags assigned to Appointment: 1
2025-03-22 10:47:03 [main] INFO  Model.Database.JooqDataManager - Successfully updated basic appointment data for ID: 1
2025-03-22 10:47:03 [main] INFO  Model.Database.JooqDataManager - Deleted existing tags for appointment ID: 1
2025-03-22 10:47:03 [main] INFO  Model.Database.JooqDataManager - Successfully updated tags for appointment ID: 1
2025-03-22 10:47:03 [main] INFO  Model.Database.JooqDataManager - Fetching appointment with ID: 1
2025-03-22 10:47:03 [main] INFO  Model.Database.JooqDataManager - Fetching Tags assigned to Appointment: 1
2025-03-22 10:47:03 [main] INFO  com.zaxxer.hikari.HikariDataSource - HikariPool-9 - Shutdown initiated...
2025-03-22 10:47:03 [main] INFO  com.zaxxer.hikari.HikariDataSource - HikariPool-9 - Shutdown completed.
2025-03-22 10:47:03 [main] INFO  Model.Database.JooqDataManager - Database connection pool closed.
2025-03-22 10:47:03 [main] INFO  Model.Database.JooqDataManager - Initializing JooqDataManager with connection pooling: src/test/resources/javenderDataBase.db
2025-03-22 10:47:03 [main] INFO  com.zaxxer.hikari.HikariDataSource - HikariPool-10 - Starting...
2025-03-22 10:47:03 [main] INFO  com.zaxxer.hikari.pool.HikariPool - HikariPool-10 - Added connection org.sqlite.jdbc4.JDBC4Connection@4078695f
2025-03-22 10:47:03 [main] INFO  com.zaxxer.hikari.HikariDataSource - HikariPool-10 - Start completed.
2025-03-22 10:47:03 [main] INFO  Model.Database.JooqDataManager - Fetching all tags from the database
2025-03-22 10:47:03 [main] INFO  com.zaxxer.hikari.HikariDataSource - HikariPool-10 - Shutdown initiated...
2025-03-22 10:47:03 [main] INFO  com.zaxxer.hikari.HikariDataSource - HikariPool-10 - Shutdown completed.
2025-03-22 10:47:03 [main] INFO  Model.Database.JooqDataManager - Database connection pool closed.
2025-03-22 10:47:03 [main] INFO  Model.Database.JooqDataManager - Initializing JooqDataManager with connection pooling: src/test/resources/javenderDataBase.db
2025-03-22 10:47:03 [main] INFO  com.zaxxer.hikari.HikariDataSource - HikariPool-11 - Starting...
2025-03-22 10:47:03 [main] INFO  com.zaxxer.hikari.pool.HikariPool - HikariPool-11 - Added connection org.sqlite.jdbc4.JDBC4Connection@417d6615
2025-03-22 10:47:03 [main] INFO  com.zaxxer.hikari.HikariDataSource - HikariPool-11 - Start completed.
2025-03-22 10:47:03 [main] INFO  Model.Database.JooqDataManager - Fetching appointment with ID: 1
2025-03-22 10:47:03 [main] INFO  Model.Database.JooqDataManager - Fetching Tags assigned to Appointment: 1
2025-03-22 10:47:03 [main] INFO  com.zaxxer.hikari.HikariDataSource - HikariPool-11 - Shutdown initiated...
2025-03-22 10:47:03 [main] INFO  com.zaxxer.hikari.HikariDataSource - HikariPool-11 - Shutdown completed.
2025-03-22 10:47:03 [main] INFO  Model.Database.JooqDataManager - Database connection pool closed.
2025-03-22 10:47:03 [main] INFO  Model.Database.JooqDataManager - Initializing JooqDataManager with connection pooling: src/test/resources/javenderDataBase.db
2025-03-22 10:47:03 [main] INFO  com.zaxxer.hikari.HikariDataSource - HikariPool-12 - Starting...
2025-03-22 10:47:03 [main] INFO  com.zaxxer.hikari.pool.HikariPool - HikariPool-12 - Added connection org.sqlite.jdbc4.JDBC4Connection@5c92166b
2025-03-22 10:47:03 [main] INFO  com.zaxxer.hikari.HikariDataSource - HikariPool-12 - Start completed.
2025-03-22 10:47:03 [main] INFO  Model.Database.JooqDataManager - Fetching appointments between 2025-01-01T00:00 and 2025-01-02T16:00
2025-03-22 10:47:03 [main] INFO  Model.Database.JooqDataManager - Fetching Tags assigned to Appointment: 1
2025-03-22 10:47:03 [main] INFO  Model.Database.JooqDataManager - Fetching Tags assigned to Appointment: 2
2025-03-22 10:47:03 [main] INFO  Model.Database.JooqDataManager - Fetching Tags assigned to Appointment: 3
2025-03-22 10:47:03 [main] INFO  com.zaxxer.hikari.HikariDataSource - HikariPool-12 - Shutdown initiated...
2025-03-22 10:47:03 [main] INFO  com.zaxxer.hikari.HikariDataSource - HikariPool-12 - Shutdown completed.
2025-03-22 10:47:03 [main] INFO  Model.Database.JooqDataManager - Database connection pool closed.
2025-03-22 10:47:03 [main] INFO  Model.Database.JooqDataManager - Initializing JooqDataManager with connection pooling: src/test/resources/javenderDataBase.db
2025-03-22 10:47:03 [main] INFO  com.zaxxer.hikari.HikariDataSource - HikariPool-13 - Starting...
2025-03-22 10:47:03 [main] INFO  com.zaxxer.hikari.pool.HikariPool - HikariPool-13 - Added connection org.sqlite.jdbc4.JDBC4Connection@6d4a65c6
2025-03-22 10:47:03 [main] INFO  com.zaxxer.hikari.HikariDataSource - HikariPool-13 - Start completed.
2025-03-22 10:47:03 [main] INFO  Model.Database.JooqDataManager - Fetching Tags assigned to Appointment: 1
2025-03-22 10:47:04 [main] INFO  com.zaxxer.hikari.HikariDataSource - HikariPool-13 - Shutdown initiated...
2025-03-22 10:47:04 [main] INFO  com.zaxxer.hikari.HikariDataSource - HikariPool-13 - Shutdown completed.
2025-03-22 10:47:04 [main] INFO  Model.Database.JooqDataManager - Database connection pool closed.
2025-03-22 10:47:04 [main] INFO  Model.Database.JooqDataManager - Initializing JooqDataManager with connection pooling: src/test/resources/javenderDataBase.db
2025-03-22 10:47:04 [main] INFO  com.zaxxer.hikari.HikariDataSource - HikariPool-14 - Starting...
2025-03-22 10:47:04 [main] INFO  com.zaxxer.hikari.pool.HikariPool - HikariPool-14 - Added connection org.sqlite.jdbc4.JDBC4Connection@1bbae752
2025-03-22 10:47:04 [main] INFO  com.zaxxer.hikari.HikariDataSource - HikariPool-14 - Start completed.
2025-03-22 10:47:04 [main] INFO  Model.Database.JooqDataManager - Fetching appointments between 2026-01-03T00:00 and 2090-01-04T16:00
2025-03-22 10:47:04 [main] WARN  Model.Database.JooqDataManager - No appointments found between 2026-01-03T00:00 and 2090-01-04T16:00
2025-03-22 10:47:04 [main] INFO  com.zaxxer.hikari.HikariDataSource - HikariPool-14 - Shutdown initiated...
2025-03-22 10:47:04 [main] INFO  com.zaxxer.hikari.HikariDataSource - HikariPool-14 - Shutdown completed.
2025-03-22 10:47:04 [main] INFO  Model.Database.JooqDataManager - Database connection pool closed.
2025-03-22 10:47:04 [main] INFO  Model.Database.JooqDataManager - Initializing JooqDataManager with connection pooling: src/test/resources/javenderDataBase.db
2025-03-22 10:47:04 [main] INFO  com.zaxxer.hikari.HikariDataSource - HikariPool-15 - Starting...
2025-03-22 10:47:04 [main] INFO  com.zaxxer.hikari.pool.HikariPool - HikariPool-15 - Added connection org.sqlite.jdbc4.JDBC4Connection@4d0b0fd4
2025-03-22 10:47:04 [main] INFO  com.zaxxer.hikari.HikariDataSource - HikariPool-15 - Start completed.
2025-03-22 10:47:04 [main] INFO  Model.Database.JooqDataManager - Fetching the next 2 upcoming appointments after 2025-01-01T00:00 with the tag work
2025-03-22 10:47:04 [main] INFO  Model.Database.JooqDataManager - Fetching Tags assigned to Appointment: 2
2025-03-22 10:47:04 [main] INFO  Model.Database.JooqDataManager - Fetching Tags assigned to Appointment: 3
2025-03-22 10:47:04 [main] INFO  Model.Database.JooqDataManager - Fetching the next 2 upcoming appointments after 2025-01-01T00:00 with the tag PerSONal
2025-03-22 10:47:04 [main] WARN  Model.Database.JooqDataManager - Only 1/2 appointments with tag PerSONal found after 2025-01-01T00:00
2025-03-22 10:47:04 [main] INFO  Model.Database.JooqDataManager - Fetching Tags assigned to Appointment: 1
2025-03-22 10:47:04 [main] INFO  com.zaxxer.hikari.HikariDataSource - HikariPool-15 - Shutdown initiated...
2025-03-22 10:47:04 [main] INFO  com.zaxxer.hikari.HikariDataSource - HikariPool-15 - Shutdown completed.
2025-03-22 10:47:04 [main] INFO  Model.Database.JooqDataManager - Database connection pool closed.
2025-03-22 10:47:04 [main] INFO  Model.Database.JooqDataManager - Initializing JooqDataManager with connection pooling: src/test/resources/javenderDataBase.db
2025-03-22 10:47:04 [main] INFO  com.zaxxer.hikari.HikariDataSource - HikariPool-16 - Starting...
2025-03-22 10:47:04 [main] INFO  com.zaxxer.hikari.pool.HikariPool - HikariPool-16 - Added connection org.sqlite.jdbc4.JDBC4Connection@77a281fc
2025-03-22 10:47:04 [main] INFO  com.zaxxer.hikari.HikariDataSource - HikariPool-16 - Start completed.
2025-03-22 10:47:04 [main] INFO  Model.Database.JooqDataManager - Fetching appointments with title: Doctor Appointment
2025-03-22 10:47:04 [main] INFO  Model.Database.JooqDataManager - Fetching Tags assigned to Appointment: 1
2025-03-22 10:47:04 [main] INFO  com.zaxxer.hikari.HikariDataSource - HikariPool-16 - Shutdown initiated...
2025-03-22 10:47:04 [main] INFO  com.zaxxer.hikari.HikariDataSource - HikariPool-16 - Shutdown completed.
2025-03-22 10:47:04 [main] INFO  Model.Database.JooqDataManager - Database connection pool closed.
2025-03-22 10:47:04 [main] INFO  Model.Database.JooqDataManager - Initializing JooqDataManager with connection pooling: src/test/resources/javenderDataBase.db
2025-03-22 10:47:04 [main] INFO  com.zaxxer.hikari.HikariDataSource - HikariPool-17 - Starting...
2025-03-22 10:47:04 [main] INFO  com.zaxxer.hikari.pool.HikariPool - HikariPool-17 - Added connection org.sqlite.jdbc4.JDBC4Connection@398474a2
2025-03-22 10:47:04 [main] INFO  com.zaxxer.hikari.HikariDataSource - HikariPool-17 - Start completed.
2025-03-22 10:47:04 [main] INFO  Model.Database.JooqDataManager - Fetching tag by title: Personal
2025-03-22 10:47:04 [main] INFO  Model.Database.JooqDataManager - Fetching tag by title: Personal
2025-03-22 10:47:04 [main] INFO  Model.Database.JooqDataManager - Updating tag: Tag{tagId=1, name='Personal', color=blue}
2025-03-22 10:47:04 [main] INFO  Model.Database.JooqDataManager - Fetching Tag with ID: 1
2025-03-22 10:47:04 [main] INFO  Model.Database.JooqDataManager - Successfully updated tag with ID: 1
2025-03-22 10:47:04 [main] INFO  Model.Database.JooqDataManager - Fetching tag by title: Personal
2025-03-22 10:47:04 [main] INFO  Model.Database.JooqDataManager - Initializing JooqDataManager with connection pooling: src/test/resources/javenderDataBase.db
2025-03-22 10:47:04 [main] INFO  com.zaxxer.hikari.HikariDataSource - HikariPool-18 - Starting...
2025-03-22 10:47:04 [main] INFO  com.zaxxer.hikari.pool.HikariPool - HikariPool-18 - Added connection org.sqlite.jdbc4.JDBC4Connection@2b214b94
2025-03-22 10:47:04 [main] INFO  com.zaxxer.hikari.HikariDataSource - HikariPool-18 - Start completed.
2025-03-22 10:47:04 [main] INFO  Model.Database.JooqDataManager - Initializing JooqDataManager with connection pooling: src/test/resources/javenderDataBase.db
2025-03-22 10:47:04 [main] INFO  com.zaxxer.hikari.HikariDataSource - HikariPool-19 - Starting...
2025-03-22 10:47:04 [main] INFO  com.zaxxer.hikari.pool.HikariPool - HikariPool-19 - Added connection org.sqlite.jdbc4.JDBC4Connection@432034a
2025-03-22 10:47:04 [main] INFO  com.zaxxer.hikari.HikariDataSource - HikariPool-19 - Start completed.
2025-03-22 10:47:04 [main] INFO  Model.Database.JooqDataManager - Fetching tag by title: Pumpen gehen
2025-03-22 10:47:04 [main] WARN  Model.Database.JooqDataManager - No tag found with title: Pumpen gehen
2025-03-22 10:47:04 [main] INFO  Model.Database.JooqDataManager - Adding new tag: Tag{tagId=0, name='Pumpen gehen', color=red}
2025-03-22 10:47:04 [main] INFO  Model.Database.JooqDataManager - Successfully added tag with ID: 825
2025-03-22 10:47:04 [main] INFO  Model.Database.JooqDataManager - Fetching tag by title: Pumpen gehen
2025-03-22 10:47:04 [main] INFO  Model.Database.JooqDataManager - Initializing JooqDataManager with connection pooling: src/test/resources/javenderDataBase.db
2025-03-22 10:47:04 [main] INFO  com.zaxxer.hikari.HikariDataSource - HikariPool-20 - Starting...
2025-03-22 10:47:04 [main] INFO  com.zaxxer.hikari.pool.HikariPool - HikariPool-20 - Added connection org.sqlite.jdbc4.JDBC4Connection@59429fac
2025-03-22 10:47:04 [main] INFO  com.zaxxer.hikari.HikariDataSource - HikariPool-20 - Start completed.
2025-03-22 10:47:04 [main] INFO  Model.Database.JooqDataManager - Initializing JooqDataManager with connection pooling: src/test/resources/javenderDataBase.db
2025-03-22 10:47:04 [main] INFO  com.zaxxer.hikari.HikariDataSource - HikariPool-21 - Starting...
2025-03-22 10:47:04 [main] INFO  com.zaxxer.hikari.pool.HikariPool - HikariPool-21 - Added connection org.sqlite.jdbc4.JDBC4Connection@769a58e5
2025-03-22 10:47:04 [main] INFO  com.zaxxer.hikari.HikariDataSource - HikariPool-21 - Start completed.
2025-03-22 10:47:04 [main] INFO  Model.Database.JooqDataManager - Initializing JooqDataManager with connection pooling: src/test/resources/javenderDataBase.db
2025-03-22 10:47:04 [main] INFO  com.zaxxer.hikari.HikariDataSource - HikariPool-22 - Starting...
2025-03-22 10:47:04 [main] INFO  com.zaxxer.hikari.pool.HikariPool - HikariPool-22 - Added connection org.sqlite.jdbc4.JDBC4Connection@2a389173
2025-03-22 10:47:04 [main] INFO  com.zaxxer.hikari.HikariDataSource - HikariPool-22 - Start completed.
2025-03-22 10:47:04 [main] INFO  Model.Database.JooqDataManager - Fetching tag by title: Personal
2025-03-22 10:47:04 [main] INFO  Model.Database.JooqDataManager - Fetching tag by title: Personal
2025-03-22 10:47:04 [main] INFO  Model.Database.JooqDataManager - Fetching tag by title: Personal
2025-03-22 10:47:04 [main] INFO  Model.Database.JooqDataManager - Initializing JooqDataManager with connection pooling: src/test/resources/javenderDataBase.db
2025-03-22 10:47:04 [main] INFO  com.zaxxer.hikari.HikariDataSource - HikariPool-23 - Starting...
2025-03-22 10:47:04 [main] INFO  com.zaxxer.hikari.pool.HikariPool - HikariPool-23 - Added connection org.sqlite.jdbc4.JDBC4Connection@6e0f7aad
2025-03-22 10:47:04 [main] INFO  com.zaxxer.hikari.HikariDataSource - HikariPool-23 - Start completed.
2025-03-22 10:47:04 [main] INFO  Model.Database.JooqDataManager - Initializing JooqDataManager with connection pooling: src/test/resources/javenderDataBase.db
2025-03-22 10:47:04 [main] INFO  com.zaxxer.hikari.HikariDataSource - HikariPool-24 - Starting...
2025-03-22 10:47:04 [main] INFO  com.zaxxer.hikari.pool.HikariPool - HikariPool-24 - Added connection org.sqlite.jdbc4.JDBC4Connection@70242f38
2025-03-22 10:47:04 [main] INFO  com.zaxxer.hikari.HikariDataSource - HikariPool-24 - Start completed.
2025-03-22 10:47:04 [main] INFO  Model.Database.JooqDataManager - Initializing JooqDataManager with connection pooling: src/test/resources/javenderDataBase.db
2025-03-22 10:47:04 [main] INFO  com.zaxxer.hikari.HikariDataSource - HikariPool-25 - Starting...
2025-03-22 10:47:04 [main] INFO  com.zaxxer.hikari.pool.HikariPool - HikariPool-25 - Added connection org.sqlite.jdbc4.JDBC4Connection@6ed06f69
2025-03-22 10:47:04 [main] INFO  com.zaxxer.hikari.HikariDataSource - HikariPool-25 - Start completed.
2025-03-22 10:47:04 [main] INFO  Model.Database.JooqDataManager - Removing all tags from the database
2025-03-22 10:47:04 [main] INFO  Model.Database.JooqDataManager - Adding new tag: Tag{tagId=0, name='testingTag', color=yellow}
2025-03-22 10:47:04 [main] INFO  Model.Database.JooqDataManager - Successfully added tag with ID: 826
2025-03-22 10:47:04 [main] INFO  Model.Database.JooqDataManager - Adding new tag: Tag{tagId=0, name='Uni', color=purple}
2025-03-22 10:47:04 [main] INFO  Model.Database.JooqDataManager - Successfully added tag with ID: 827
2025-03-22 10:47:04 [main] INFO  Model.Database.JooqDataManager - Adding new appointment in transaction: Appointment{appointmentId=0, startDate=2030-10-01T00:00, endDate=2030-10-01T02:00, title='Meeting', description='Presenting results', tags=[Tag{tagId=826, name='testingTag', color=yellow}, Tag{tagId=827, name='Uni', color=purple}]}
2025-03-22 10:47:04 [main] INFO  Model.Database.JooqDataManager - Adding Tag Tag{tagId=826, name='testingTag', color=yellow} to Appointment ID: 901
2025-03-22 10:47:04 [main] INFO  Model.Database.JooqDataManager - Adding Tag Tag{tagId=827, name='Uni', color=purple} to Appointment ID: 901
2025-03-22 10:47:04 [main] INFO  Model.Database.JooqDataManager - Successfully added appointment with ID: 901
2025-03-22 10:47:04 [main] INFO  Model.Database.JooqDataManager - Fetching appointment with ID: 901
2025-03-22 10:47:04 [main] INFO  Model.Database.JooqDataManager - Fetching Tags assigned to Appointment: 901
2025-03-22 10:47:04 [main] INFO  Model.Database.JooqDataManager - Fetching Tags assigned to Appointment: 901
2025-03-22 10:47:04 [main] INFO  Model.Database.JooqDataManager - Removing appointment: Appointment{appointmentId=901, startDate=2030-10-01T00:00, endDate=2030-10-01T02:00, title='Meeting', description='Presenting results', tags=[Tag{tagId=826, name='testingTag', color=yellow}, Tag{tagId=827, name='Uni', color=purple}]}
2025-03-22 10:47:04 [main] INFO  Model.Database.JooqDataManager - Removing appointment with ID: 901
2025-03-22 10:47:04 [main] INFO  Model.Database.JooqDataManager - Successfully removed appointment with ID: 901
2025-03-22 10:47:04 [main] INFO  Model.Database.JooqDataManager - Fetching appointment with ID: 901
2025-03-22 10:47:04 [main] WARN  Model.Database.JooqDataManager - No appointment found in database for ID: 901
2025-03-22 10:47:04 [main] INFO  Model.Database.JooqDataManager - Fetching Tags assigned to Appointment: 901
2025-03-22 10:47:04 [main] INFO  Model.Database.JooqDataManager - Initializing JooqDataManager with connection pooling: src/test/resources/javenderDataBase.db
2025-03-22 10:47:04 [main] INFO  com.zaxxer.hikari.HikariDataSource - HikariPool-26 - Starting...
2025-03-22 10:47:04 [main] INFO  com.zaxxer.hikari.pool.HikariPool - HikariPool-26 - Added connection org.sqlite.jdbc4.JDBC4Connection@4a6c18ad
2025-03-22 10:47:04 [main] INFO  com.zaxxer.hikari.HikariDataSource - HikariPool-26 - Start completed.
2025-03-22 10:47:04 [main] INFO  Model.Database.JooqDataManager - Removing all tags from the database
2025-03-22 10:47:04 [main] INFO  Model.Database.JooqDataManager - Adding new tag: Tag{tagId=0, name='Hardcore Bodybuilding', color=Regenbogen}
2025-03-22 10:47:04 [main] INFO  Model.Database.JooqDataManager - Successfully added tag with ID: 828
2025-03-22 10:47:04 [main] INFO  Model.Database.JooqDataManager - Fetching Tag with ID: 828
2025-03-22 10:47:04 [main] INFO  Model.Database.JooqDataManager - Removing tag: Tag{tagId=828, name='Hardcore Bodybuilding', color=Regenbogen}
2025-03-22 10:47:04 [main] INFO  Model.Database.JooqDataManager - Removing tag with ID: 828
2025-03-22 10:47:04 [main] INFO  Model.Database.JooqDataManager - Successfully removed tag with ID: 828
2025-03-22 10:47:04 [main] INFO  Model.Database.JooqDataManager - Fetching Tag with ID: 828
2025-03-22 10:47:04 [main] WARN  Model.Database.JooqDataManager - No Tag found with ID: 828
2025-03-22 10:47:04 [main] INFO  Model.Database.JooqDataManager - Initializing JooqDataManager with connection pooling: src/test/resources/javenderDataBase.db
2025-03-22 10:47:04 [main] INFO  com.zaxxer.hikari.HikariDataSource - HikariPool-27 - Starting...
2025-03-22 10:47:04 [main] INFO  com.zaxxer.hikari.pool.HikariPool - HikariPool-27 - Added connection org.sqlite.jdbc4.JDBC4Connection@4dafba3e
2025-03-22 10:47:04 [main] INFO  com.zaxxer.hikari.HikariDataSource - HikariPool-27 - Start completed.
2025-03-22 10:47:04 [main] INFO  Model.Database.JooqDataManager - Removing all tags from the database
2025-03-22 10:47:04 [main] INFO  Model.Database.JooqDataManager - Adding new tag: Tag{tagId=0, name='Start', color=blue}
2025-03-22 10:47:04 [main] INFO  Model.Database.JooqDataManager - Successfully added tag with ID: 829
2025-03-22 10:47:04 [main] INFO  Model.Database.JooqDataManager - Fetching tag by title: Start
2025-03-22 10:47:04 [main] INFO  Model.Database.JooqDataManager - Updating tag: Tag{tagId=829, name='Start', color=yellow}
2025-03-22 10:47:04 [main] INFO  Model.Database.JooqDataManager - Fetching Tag with ID: 829
2025-03-22 10:47:04 [main] INFO  Model.Database.JooqDataManager - Successfully updated tag with ID: 829
2025-03-22 10:47:04 [main] INFO  Model.Database.JooqDataManager - Fetching tag by title: Start
2025-03-22 10:47:04 [main] INFO  Model.Database.JooqDataManager - Initializing JooqDataManager with connection pooling: src/test/resources/javenderDataBase.db
2025-03-22 10:47:04 [main] INFO  com.zaxxer.hikari.HikariDataSource - HikariPool-28 - Starting...
2025-03-22 10:47:04 [main] INFO  com.zaxxer.hikari.pool.HikariPool - HikariPool-28 - Added connection org.sqlite.jdbc4.JDBC4Connection@5f80fa43
2025-03-22 10:47:04 [main] INFO  com.zaxxer.hikari.HikariDataSource - HikariPool-28 - Start completed.
2025-03-22 10:47:04 [main] INFO  Model.Database.JooqDataManager - Removing all tags from the database
2025-03-22 10:47:04 [main] INFO  Model.Database.JooqDataManager - Adding new tag: Tag{tagId=0, name='testingTag', color=yellow}
2025-03-22 10:47:04 [main] INFO  Model.Database.JooqDataManager - Successfully added tag with ID: 830
2025-03-22 10:47:04 [main] INFO  Model.Database.JooqDataManager - Adding new tag: Tag{tagId=0, name='Uni', color=purple}
2025-03-22 10:47:04 [main] INFO  Model.Database.JooqDataManager - Successfully added tag with ID: 831
2025-03-22 10:47:04 [main] INFO  Model.Database.JooqDataManager - Adding new appointment in transaction: Appointment{appointmentId=0, startDate=2030-10-01T00:00, endDate=2030-10-01T02:00, title='Meeting', description='Presenting results', tags=[Tag{tagId=830, name='testingTag', color=yellow}, Tag{tagId=831, name='Uni', color=purple}]}
2025-03-22 10:47:04 [main] INFO  Model.Database.JooqDataManager - Adding Tag Tag{tagId=830, name='testingTag', color=yellow} to Appointment ID: 902
2025-03-22 10:47:04 [main] INFO  Model.Database.JooqDataManager - Adding Tag Tag{tagId=831, name='Uni', color=purple} to Appointment ID: 902
2025-03-22 10:47:04 [main] INFO  Model.Database.JooqDataManager - Successfully added appointment with ID: 902
2025-03-22 10:47:04 [main] INFO  Model.Database.JooqDataManager - Fetching appointment with ID: 902
2025-03-22 10:47:04 [main] INFO  Model.Database.JooqDataManager - Fetching Tags assigned to Appointment: 902
2025-03-22 10:47:04 [main] INFO  Model.Database.JooqDataManager - Removing all appointments from the database
2025-03-22 10:47:04 [main] INFO  Model.Database.JooqDataManager - Fetching appointment with ID: 902
2025-03-22 10:47:04 [main] WARN  Model.Database.JooqDataManager - No appointment found in database for ID: 902
2025-03-22 10:47:04 [main] INFO  Model.Database.JooqDataManager - Fetching Tags assigned to Appointment: 902
2025-03-22 10:47:04 [main] INFO  Model.Database.JooqDataManager - Initializing JooqDataManager with connection pooling: src/test/resources/javenderDataBase.db
2025-03-22 10:47:04 [main] INFO  com.zaxxer.hikari.HikariDataSource - HikariPool-29 - Starting...
2025-03-22 10:47:04 [main] INFO  com.zaxxer.hikari.pool.HikariPool - HikariPool-29 - Added connection org.sqlite.jdbc4.JDBC4Connection@352e787a
2025-03-22 10:47:04 [main] INFO  com.zaxxer.hikari.HikariDataSource - HikariPool-29 - Start completed.
2025-03-22 10:47:04 [main] INFO  Model.Database.JooqDataManager - Removing all tags from the database
2025-03-22 10:47:04 [main] INFO  Model.Database.JooqDataManager - Adding new tag: Tag{tagId=0, name='testingTag', color=yellow}
2025-03-22 10:47:04 [main] INFO  Model.Database.JooqDataManager - Successfully added tag with ID: 832
2025-03-22 10:47:04 [main] INFO  Model.Database.JooqDataManager - Adding new tag: Tag{tagId=0, name='Uni', color=purple}
2025-03-22 10:47:04 [main] INFO  Model.Database.JooqDataManager - Successfully added tag with ID: 833
2025-03-22 10:47:04 [main] INFO  Model.Database.JooqDataManager - Adding new appointment in transaction: Appointment{appointmentId=0, startDate=2030-10-01T00:00, endDate=2030-10-01T02:00, title='Meeting', description='Presenting results', tags=[Tag{tagId=832, name='testingTag', color=yellow}, Tag{tagId=833, name='Uni', color=purple}]}
2025-03-22 10:47:04 [main] INFO  Model.Database.JooqDataManager - Adding Tag Tag{tagId=832, name='testingTag', color=yellow} to Appointment ID: 903
2025-03-22 10:47:04 [main] INFO  Model.Database.JooqDataManager - Adding Tag Tag{tagId=833, name='Uni', color=purple} to Appointment ID: 903
2025-03-22 10:47:04 [main] INFO  Model.Database.JooqDataManager - Successfully added appointment with ID: 903
2025-03-22 10:47:04 [main] INFO  Model.Database.JooqDataManager - Fetching appointment with ID: 903
2025-03-22 10:47:04 [main] INFO  Model.Database.JooqDataManager - Fetching Tags assigned to Appointment: 903
2025-03-22 10:47:04 [main] INFO  Model.Database.JooqDataManager - Removing all tags from the database
2025-03-22 10:47:04 [main] INFO  Model.Database.JooqDataManager - Fetching Tags assigned to Appointment: 903
2025-03-22 10:47:04 [main] INFO  com.zaxxer.hikari.HikariDataSource - HikariPool-29 - Shutdown initiated...
2025-03-22 10:47:04 [main] INFO  com.zaxxer.hikari.HikariDataSource - HikariPool-29 - Shutdown completed.
2025-03-22 10:47:04 [main] INFO  Model.Database.JooqDataManager - Database connection pool closed.
2025-03-22 10:48:08 [main] INFO  Model.Database.JooqDataManager - Initializing JooqDataManager with connection pooling: src/test/resources/javenderDatabase.db
2025-03-22 10:48:08 [main] INFO  com.zaxxer.hikari.HikariDataSource - HikariPool-1 - Starting...
2025-03-22 10:48:08 [main] INFO  com.zaxxer.hikari.pool.HikariPool - HikariPool-1 - Added connection org.sqlite.jdbc4.JDBC4Connection@7b94089b
2025-03-22 10:48:08 [main] INFO  com.zaxxer.hikari.HikariDataSource - HikariPool-1 - Start completed.
2025-03-22 10:48:08 [main] INFO  com.zaxxer.hikari.HikariDataSource - HikariPool-1 - Shutdown initiated...
2025-03-22 10:48:08 [main] INFO  com.zaxxer.hikari.HikariDataSource - HikariPool-1 - Shutdown completed.
2025-03-22 10:48:08 [main] INFO  Model.Database.JooqDataManager - Database connection pool closed.
2025-03-22 10:48:08 [main] INFO  Model.Database.JooqDataManager - Initializing JooqDataManager with connection pooling: src/test/resources/javenderDataBase.db
2025-03-22 10:48:08 [main] INFO  com.zaxxer.hikari.HikariDataSource - HikariPool-2 - Starting...
2025-03-22 10:48:08 [main] INFO  com.zaxxer.hikari.pool.HikariPool - HikariPool-2 - Added connection org.sqlite.jdbc4.JDBC4Connection@55dfcc6
2025-03-22 10:48:08 [main] INFO  com.zaxxer.hikari.HikariDataSource - HikariPool-2 - Start completed.
2025-03-22 10:48:08 [main] INFO  Model.Database.JooqDataManager - Fetching tag by title: Personal
2025-03-22 10:48:08 [main] INFO  com.zaxxer.hikari.HikariDataSource - HikariPool-2 - Shutdown initiated...
2025-03-22 10:48:08 [main] INFO  com.zaxxer.hikari.HikariDataSource - HikariPool-2 - Shutdown completed.
2025-03-22 10:48:08 [main] INFO  Model.Database.JooqDataManager - Database connection pool closed.
2025-03-22 10:48:08 [main] INFO  Model.Database.JooqDataManager - Initializing JooqDataManager with connection pooling: src/test/resources/javenderDataBase.db
2025-03-22 10:48:08 [main] INFO  com.zaxxer.hikari.HikariDataSource - HikariPool-3 - Starting...
2025-03-22 10:48:08 [main] INFO  com.zaxxer.hikari.pool.HikariPool - HikariPool-3 - Added connection org.sqlite.jdbc4.JDBC4Connection@6dba847b
2025-03-22 10:48:08 [main] INFO  com.zaxxer.hikari.HikariDataSource - HikariPool-3 - Start completed.
2025-03-22 10:48:08 [main] INFO  Model.Database.JooqDataManager - Updating appointment: Appointment{appointmentId=999, startDate=2025-03-22T10:48:08.845996, endDate=2025-03-22T10:48:08.846007, title='Non-existent', description='Non-existent', tags=[]}
2025-03-22 10:48:08 [main] INFO  Model.Database.JooqDataManager - Fetching appointment with ID: 999
2025-03-22 10:48:08 [main] WARN  Model.Database.JooqDataManager - No appointment found in database for ID: 999
2025-03-22 10:48:08 [main] WARN  Model.Database.JooqDataManager - No appointment found with ID: 999
2025-03-22 10:48:08 [main] ERROR Model.Database.JooqDataManager - Database operation failed
Model.Database.DataManagerException: No appointment found with ID: 999
	at Model.Database.JooqDataManager.lambda$updateAppointment$17(JooqDataManager.java:388)
	at Model.Database.JooqDataManager.tryWithDSL(JooqDataManager.java:53)
	at Model.Database.JooqDataManager.updateAppointment(JooqDataManager.java:383)
	at DatabaseGetTests.lambda$testUpdateAppointmentThatDoesNotExist$0(DatabaseGetTests.java:206)
	at org.junit.jupiter.api.AssertThrows.assertThrows(AssertThrows.java:53)
	at org.junit.jupiter.api.AssertThrows.assertThrows(AssertThrows.java:35)
	at org.junit.jupiter.api.Assertions.assertThrows(Assertions.java:3111)
	at DatabaseGetTests.testUpdateAppointmentThatDoesNotExist(DatabaseGetTests.java:206)
	at java.base/jdk.internal.reflect.DirectMethodHandleAccessor.invoke(DirectMethodHandleAccessor.java:103)
	at java.base/java.lang.reflect.Method.invoke(Method.java:580)
	at org.junit.platform.commons.util.ReflectionUtils.invokeMethod(ReflectionUtils.java:728)
	at org.junit.jupiter.engine.execution.MethodInvocation.proceed(MethodInvocation.java:60)
	at org.junit.jupiter.engine.execution.InvocationInterceptorChain$ValidatingInvocation.proceed(InvocationInterceptorChain.java:131)
	at org.junit.jupiter.engine.extension.TimeoutExtension.intercept(TimeoutExtension.java:156)
	at org.junit.jupiter.engine.extension.TimeoutExtension.interceptTestableMethod(TimeoutExtension.java:147)
	at org.junit.jupiter.engine.extension.TimeoutExtension.interceptTestMethod(TimeoutExtension.java:86)
	at org.junit.jupiter.engine.execution.InterceptingExecutableInvoker$ReflectiveInterceptorCall.lambda$ofVoidMethod$0(InterceptingExecutableInvoker.java:103)
	at org.junit.jupiter.engine.execution.InterceptingExecutableInvoker.lambda$invoke$0(InterceptingExecutableInvoker.java:93)
	at org.junit.jupiter.engine.execution.InvocationInterceptorChain$InterceptedInvocation.proceed(InvocationInterceptorChain.java:106)
	at org.junit.jupiter.engine.execution.InvocationInterceptorChain.proceed(InvocationInterceptorChain.java:64)
	at org.junit.jupiter.engine.execution.InvocationInterceptorChain.chainAndInvoke(InvocationInterceptorChain.java:45)
	at org.junit.jupiter.engine.execution.InvocationInterceptorChain.invoke(InvocationInterceptorChain.java:37)
	at org.junit.jupiter.engine.execution.InterceptingExecutableInvoker.invoke(InterceptingExecutableInvoker.java:92)
	at org.junit.jupiter.engine.execution.InterceptingExecutableInvoker.invoke(InterceptingExecutableInvoker.java:86)
	at org.junit.jupiter.engine.descriptor.TestMethodTestDescriptor.lambda$invokeTestMethod$7(TestMethodTestDescriptor.java:218)
	at org.junit.platform.engine.support.hierarchical.ThrowableCollector.execute(ThrowableCollector.java:73)
	at org.junit.jupiter.engine.descriptor.TestMethodTestDescriptor.invokeTestMethod(TestMethodTestDescriptor.java:214)
	at org.junit.jupiter.engine.descriptor.TestMethodTestDescriptor.execute(TestMethodTestDescriptor.java:139)
	at org.junit.jupiter.engine.descriptor.TestMethodTestDescriptor.execute(TestMethodTestDescriptor.java:69)
	at org.junit.platform.engine.support.hierarchical.NodeTestTask.lambda$executeRecursively$6(NodeTestTask.java:151)
	at org.junit.platform.engine.support.hierarchical.ThrowableCollector.execute(ThrowableCollector.java:73)
	at org.junit.platform.engine.support.hierarchical.NodeTestTask.lambda$executeRecursively$8(NodeTestTask.java:141)
	at org.junit.platform.engine.support.hierarchical.Node.around(Node.java:137)
	at org.junit.platform.engine.support.hierarchical.NodeTestTask.lambda$executeRecursively$9(NodeTestTask.java:139)
	at org.junit.platform.engine.support.hierarchical.ThrowableCollector.execute(ThrowableCollector.java:73)
	at org.junit.platform.engine.support.hierarchical.NodeTestTask.executeRecursively(NodeTestTask.java:138)
	at org.junit.platform.engine.support.hierarchical.NodeTestTask.execute(NodeTestTask.java:95)
	at java.base/java.util.ArrayList.forEach(ArrayList.java:1596)
	at org.junit.platform.engine.support.hierarchical.SameThreadHierarchicalTestExecutorService.invokeAll(SameThreadHierarchicalTestExecutorService.java:41)
	at org.junit.platform.engine.support.hierarchical.NodeTestTask.lambda$executeRecursively$6(NodeTestTask.java:155)
	at org.junit.platform.engine.support.hierarchical.ThrowableCollector.execute(ThrowableCollector.java:73)
	at org.junit.platform.engine.support.hierarchical.NodeTestTask.lambda$executeRecursively$8(NodeTestTask.java:141)
	at org.junit.platform.engine.support.hierarchical.Node.around(Node.java:137)
	at org.junit.platform.engine.support.hierarchical.NodeTestTask.lambda$executeRecursively$9(NodeTestTask.java:139)
	at org.junit.platform.engine.support.hierarchical.ThrowableCollector.execute(ThrowableCollector.java:73)
	at org.junit.platform.engine.support.hierarchical.NodeTestTask.executeRecursively(NodeTestTask.java:138)
	at org.junit.platform.engine.support.hierarchical.NodeTestTask.execute(NodeTestTask.java:95)
	at java.base/java.util.ArrayList.forEach(ArrayList.java:1596)
	at org.junit.platform.engine.support.hierarchical.SameThreadHierarchicalTestExecutorService.invokeAll(SameThreadHierarchicalTestExecutorService.java:41)
	at org.junit.platform.engine.support.hierarchical.NodeTestTask.lambda$executeRecursively$6(NodeTestTask.java:155)
	at org.junit.platform.engine.support.hierarchical.ThrowableCollector.execute(ThrowableCollector.java:73)
	at org.junit.platform.engine.support.hierarchical.NodeTestTask.lambda$executeRecursively$8(NodeTestTask.java:141)
	at org.junit.platform.engine.support.hierarchical.Node.around(Node.java:137)
	at org.junit.platform.engine.support.hierarchical.NodeTestTask.lambda$executeRecursively$9(NodeTestTask.java:139)
	at org.junit.platform.engine.support.hierarchical.ThrowableCollector.execute(ThrowableCollector.java:73)
	at org.junit.platform.engine.support.hierarchical.NodeTestTask.executeRecursively(NodeTestTask.java:138)
	at org.junit.platform.engine.support.hierarchical.NodeTestTask.execute(NodeTestTask.java:95)
	at org.junit.platform.engine.support.hierarchical.SameThreadHierarchicalTestExecutorService.submit(SameThreadHierarchicalTestExecutorService.java:35)
	at org.junit.platform.engine.support.hierarchical.HierarchicalTestExecutor.execute(HierarchicalTestExecutor.java:57)
	at org.junit.platform.engine.support.hierarchical.HierarchicalTestEngine.execute(HierarchicalTestEngine.java:54)
	at org.junit.platform.launcher.core.EngineExecutionOrchestrator.execute(EngineExecutionOrchestrator.java:198)
	at org.junit.platform.launcher.core.EngineExecutionOrchestrator.execute(EngineExecutionOrchestrator.java:169)
	at org.junit.platform.launcher.core.EngineExecutionOrchestrator.execute(EngineExecutionOrchestrator.java:93)
	at org.junit.platform.launcher.core.EngineExecutionOrchestrator.lambda$execute$0(EngineExecutionOrchestrator.java:58)
	at org.junit.platform.launcher.core.EngineExecutionOrchestrator.withInterceptedStreams(EngineExecutionOrchestrator.java:141)
	at org.junit.platform.launcher.core.EngineExecutionOrchestrator.execute(EngineExecutionOrchestrator.java:57)
	at org.junit.platform.launcher.core.DefaultLauncher.execute(DefaultLauncher.java:103)
	at org.junit.platform.launcher.core.DefaultLauncher.execute(DefaultLauncher.java:85)
	at org.junit.platform.launcher.core.DelegatingLauncher.execute(DelegatingLauncher.java:47)
	at org.apache.maven.surefire.junitplatform.LazyLauncher.execute(LazyLauncher.java:56)
	at org.apache.maven.surefire.junitplatform.JUnitPlatformProvider.execute(JUnitPlatformProvider.java:184)
	at org.apache.maven.surefire.junitplatform.JUnitPlatformProvider.invokeAllTests(JUnitPlatformProvider.java:148)
	at org.apache.maven.surefire.junitplatform.JUnitPlatformProvider.invoke(JUnitPlatformProvider.java:122)
	at org.apache.maven.surefire.booter.ForkedBooter.runSuitesInProcess(ForkedBooter.java:385)
	at org.apache.maven.surefire.booter.ForkedBooter.execute(ForkedBooter.java:162)
	at org.apache.maven.surefire.booter.ForkedBooter.run(ForkedBooter.java:507)
	at org.apache.maven.surefire.booter.ForkedBooter.main(ForkedBooter.java:495)
2025-03-22 10:48:08 [main] INFO  com.zaxxer.hikari.HikariDataSource - HikariPool-3 - Shutdown initiated...
2025-03-22 10:48:08 [main] INFO  com.zaxxer.hikari.HikariDataSource - HikariPool-3 - Shutdown completed.
2025-03-22 10:48:08 [main] INFO  Model.Database.JooqDataManager - Database connection pool closed.
2025-03-22 10:48:08 [main] INFO  Model.Database.JooqDataManager - Initializing JooqDataManager with connection pooling: src/test/resources/javenderDataBase.db
2025-03-22 10:48:08 [main] INFO  com.zaxxer.hikari.HikariDataSource - HikariPool-4 - Starting...
2025-03-22 10:48:08 [main] INFO  com.zaxxer.hikari.pool.HikariPool - HikariPool-4 - Added connection org.sqlite.jdbc4.JDBC4Connection@70807224
2025-03-22 10:48:08 [main] INFO  com.zaxxer.hikari.HikariDataSource - HikariPool-4 - Start completed.
2025-03-22 10:48:08 [main] INFO  Model.Database.JooqDataManager - Fetching appointments with title: Non-existent
2025-03-22 10:48:08 [main] WARN  Model.Database.JooqDataManager - No appointments found with title: Non-existent
2025-03-22 10:48:08 [main] INFO  com.zaxxer.hikari.HikariDataSource - HikariPool-4 - Shutdown initiated...
2025-03-22 10:48:08 [main] INFO  com.zaxxer.hikari.HikariDataSource - HikariPool-4 - Shutdown completed.
2025-03-22 10:48:08 [main] INFO  Model.Database.JooqDataManager - Database connection pool closed.
2025-03-22 10:48:09 [main] INFO  Model.Database.JooqDataManager - Initializing JooqDataManager with connection pooling: src/test/resources/javenderDataBase.db
2025-03-22 10:48:09 [main] INFO  com.zaxxer.hikari.HikariDataSource - HikariPool-5 - Starting...
2025-03-22 10:48:09 [main] INFO  com.zaxxer.hikari.pool.HikariPool - HikariPool-5 - Added connection org.sqlite.jdbc4.JDBC4Connection@69c6161d
2025-03-22 10:48:09 [main] INFO  com.zaxxer.hikari.HikariDataSource - HikariPool-5 - Start completed.
2025-03-22 10:48:09 [main] INFO  Model.Database.JooqDataManager - Fetching appointments on date: 2025-01-01 with filter: STARTDATE
2025-03-22 10:48:09 [main] INFO  Model.Database.JooqDataManager - Fetching Tags assigned to Appointment: 1
2025-03-22 10:48:09 [main] INFO  Model.Database.JooqDataManager - Fetching Tags assigned to Appointment: 2
2025-03-22 10:48:09 [main] INFO  com.zaxxer.hikari.HikariDataSource - HikariPool-5 - Shutdown initiated...
2025-03-22 10:48:09 [main] INFO  com.zaxxer.hikari.HikariDataSource - HikariPool-5 - Shutdown completed.
2025-03-22 10:48:09 [main] INFO  Model.Database.JooqDataManager - Database connection pool closed.
2025-03-22 10:48:09 [main] INFO  Model.Database.JooqDataManager - Initializing JooqDataManager with connection pooling: src/test/resources/javenderDataBase.db
2025-03-22 10:48:09 [main] INFO  com.zaxxer.hikari.HikariDataSource - HikariPool-6 - Starting...
2025-03-22 10:48:09 [main] INFO  com.zaxxer.hikari.pool.HikariPool - HikariPool-6 - Added connection org.sqlite.jdbc4.JDBC4Connection@13d186db
2025-03-22 10:48:09 [main] INFO  com.zaxxer.hikari.HikariDataSource - HikariPool-6 - Start completed.
2025-03-22 10:48:09 [main] INFO  Model.Database.JooqDataManager - Fetching Tag with ID: 999
2025-03-22 10:48:09 [main] WARN  Model.Database.JooqDataManager - No Tag found with ID: 999
2025-03-22 10:48:09 [main] INFO  com.zaxxer.hikari.HikariDataSource - HikariPool-6 - Shutdown initiated...
2025-03-22 10:48:09 [main] INFO  com.zaxxer.hikari.HikariDataSource - HikariPool-6 - Shutdown completed.
2025-03-22 10:48:09 [main] INFO  Model.Database.JooqDataManager - Database connection pool closed.
2025-03-22 10:48:09 [main] INFO  Model.Database.JooqDataManager - Initializing JooqDataManager with connection pooling: src/test/resources/javenderDataBase.db
2025-03-22 10:48:09 [main] INFO  com.zaxxer.hikari.HikariDataSource - HikariPool-7 - Starting...
2025-03-22 10:48:09 [main] INFO  com.zaxxer.hikari.pool.HikariPool - HikariPool-7 - Added connection org.sqlite.jdbc4.JDBC4Connection@2adddc06
2025-03-22 10:48:09 [main] INFO  com.zaxxer.hikari.HikariDataSource - HikariPool-7 - Start completed.
2025-03-22 10:48:09 [main] INFO  Model.Database.JooqDataManager - Fetching Tag with ID: 1
2025-03-22 10:48:09 [main] INFO  com.zaxxer.hikari.HikariDataSource - HikariPool-7 - Shutdown initiated...
2025-03-22 10:48:09 [main] INFO  com.zaxxer.hikari.HikariDataSource - HikariPool-7 - Shutdown completed.
2025-03-22 10:48:09 [main] INFO  Model.Database.JooqDataManager - Database connection pool closed.
2025-03-22 10:48:09 [main] INFO  Model.Database.JooqDataManager - Initializing JooqDataManager with connection pooling: src/test/resources/javenderDataBase.db
2025-03-22 10:48:09 [main] INFO  com.zaxxer.hikari.HikariDataSource - HikariPool-8 - Starting...
2025-03-22 10:48:09 [main] INFO  com.zaxxer.hikari.pool.HikariPool - HikariPool-8 - Added connection org.sqlite.jdbc4.JDBC4Connection@4917d36b
2025-03-22 10:48:09 [main] INFO  com.zaxxer.hikari.HikariDataSource - HikariPool-8 - Start completed.
2025-03-22 10:48:09 [main] INFO  Model.Database.JooqDataManager - Fetching the next 3 upcoming appointments after 2025-01-01T00:00
2025-03-22 10:48:09 [main] INFO  Model.Database.JooqDataManager - Fetching Tags assigned to Appointment: 1
2025-03-22 10:48:09 [main] INFO  Model.Database.JooqDataManager - Fetching Tags assigned to Appointment: 2
2025-03-22 10:48:09 [main] INFO  Model.Database.JooqDataManager - Fetching Tags assigned to Appointment: 3
2025-03-22 10:48:09 [main] INFO  Model.Database.JooqDataManager - Fetching the next 2 upcoming appointments after 2025-01-01T10:00
2025-03-22 10:48:09 [main] INFO  Model.Database.JooqDataManager - Fetching Tags assigned to Appointment: 2
2025-03-22 10:48:09 [main] INFO  Model.Database.JooqDataManager - Fetching Tags assigned to Appointment: 3
2025-03-22 10:48:09 [main] INFO  com.zaxxer.hikari.HikariDataSource - HikariPool-8 - Shutdown initiated...
2025-03-22 10:48:09 [main] INFO  com.zaxxer.hikari.HikariDataSource - HikariPool-8 - Shutdown completed.
2025-03-22 10:48:09 [main] INFO  Model.Database.JooqDataManager - Database connection pool closed.
2025-03-22 10:48:09 [main] INFO  Model.Database.JooqDataManager - Initializing JooqDataManager with connection pooling: src/test/resources/javenderDataBase.db
2025-03-22 10:48:09 [main] INFO  com.zaxxer.hikari.HikariDataSource - HikariPool-9 - Starting...
2025-03-22 10:48:09 [main] INFO  com.zaxxer.hikari.pool.HikariPool - HikariPool-9 - Added connection org.sqlite.jdbc4.JDBC4Connection@2d84cb86
2025-03-22 10:48:09 [main] INFO  com.zaxxer.hikari.HikariDataSource - HikariPool-9 - Start completed.
2025-03-22 10:48:09 [main] INFO  Model.Database.JooqDataManager - Fetching appointment with ID: 1
2025-03-22 10:48:09 [main] INFO  Model.Database.JooqDataManager - Fetching Tags assigned to Appointment: 1
2025-03-22 10:48:09 [main] INFO  Model.Database.JooqDataManager - Updating appointment: Appointment{appointmentId=1, startDate=2025-01-01T09:00, endDate=2025-01-01T10:00, title='Updated Title', description='Updated Description', tags=[Tag{tagId=1, name='Personal', color=red}]}
2025-03-22 10:48:09 [main] INFO  Model.Database.JooqDataManager - Fetching appointment with ID: 1
2025-03-22 10:48:09 [main] INFO  Model.Database.JooqDataManager - Fetching Tags assigned to Appointment: 1
2025-03-22 10:48:09 [main] INFO  Model.Database.JooqDataManager - Successfully updated basic appointment data for ID: 1
2025-03-22 10:48:09 [main] INFO  Model.Database.JooqDataManager - Deleted existing tags for appointment ID: 1
2025-03-22 10:48:09 [main] INFO  Model.Database.JooqDataManager - Successfully updated tags for appointment ID: 1
2025-03-22 10:48:09 [main] INFO  Model.Database.JooqDataManager - Fetching appointment with ID: 1
2025-03-22 10:48:09 [main] INFO  Model.Database.JooqDataManager - Fetching Tags assigned to Appointment: 1
2025-03-22 10:48:09 [main] INFO  com.zaxxer.hikari.HikariDataSource - HikariPool-9 - Shutdown initiated...
2025-03-22 10:48:09 [main] INFO  com.zaxxer.hikari.HikariDataSource - HikariPool-9 - Shutdown completed.
2025-03-22 10:48:09 [main] INFO  Model.Database.JooqDataManager - Database connection pool closed.
2025-03-22 10:48:09 [main] INFO  Model.Database.JooqDataManager - Initializing JooqDataManager with connection pooling: src/test/resources/javenderDataBase.db
2025-03-22 10:48:09 [main] INFO  com.zaxxer.hikari.HikariDataSource - HikariPool-10 - Starting...
2025-03-22 10:48:09 [main] INFO  com.zaxxer.hikari.pool.HikariPool - HikariPool-10 - Added connection org.sqlite.jdbc4.JDBC4Connection@2b0b4d53
2025-03-22 10:48:09 [main] INFO  com.zaxxer.hikari.HikariDataSource - HikariPool-10 - Start completed.
2025-03-22 10:48:09 [main] INFO  Model.Database.JooqDataManager - Fetching all tags from the database
2025-03-22 10:48:09 [main] INFO  com.zaxxer.hikari.HikariDataSource - HikariPool-10 - Shutdown initiated...
2025-03-22 10:48:09 [main] INFO  com.zaxxer.hikari.HikariDataSource - HikariPool-10 - Shutdown completed.
2025-03-22 10:48:09 [main] INFO  Model.Database.JooqDataManager - Database connection pool closed.
2025-03-22 10:48:09 [main] INFO  Model.Database.JooqDataManager - Initializing JooqDataManager with connection pooling: src/test/resources/javenderDataBase.db
2025-03-22 10:48:09 [main] INFO  com.zaxxer.hikari.HikariDataSource - HikariPool-11 - Starting...
2025-03-22 10:48:09 [main] INFO  com.zaxxer.hikari.pool.HikariPool - HikariPool-11 - Added connection org.sqlite.jdbc4.JDBC4Connection@66596a88
2025-03-22 10:48:09 [main] INFO  com.zaxxer.hikari.HikariDataSource - HikariPool-11 - Start completed.
2025-03-22 10:48:09 [main] INFO  Model.Database.JooqDataManager - Fetching appointment with ID: 1
2025-03-22 10:48:09 [main] INFO  Model.Database.JooqDataManager - Fetching Tags assigned to Appointment: 1
2025-03-22 10:48:09 [main] INFO  com.zaxxer.hikari.HikariDataSource - HikariPool-11 - Shutdown initiated...
2025-03-22 10:48:09 [main] INFO  com.zaxxer.hikari.HikariDataSource - HikariPool-11 - Shutdown completed.
2025-03-22 10:48:09 [main] INFO  Model.Database.JooqDataManager - Database connection pool closed.
2025-03-22 10:48:09 [main] INFO  Model.Database.JooqDataManager - Initializing JooqDataManager with connection pooling: src/test/resources/javenderDataBase.db
2025-03-22 10:48:09 [main] INFO  com.zaxxer.hikari.HikariDataSource - HikariPool-12 - Starting...
2025-03-22 10:48:09 [main] INFO  com.zaxxer.hikari.pool.HikariPool - HikariPool-12 - Added connection org.sqlite.jdbc4.JDBC4Connection@7a6ebe1e
2025-03-22 10:48:09 [main] INFO  com.zaxxer.hikari.HikariDataSource - HikariPool-12 - Start completed.
2025-03-22 10:48:09 [main] INFO  Model.Database.JooqDataManager - Fetching appointments between 2025-01-01T00:00 and 2025-01-02T16:00
2025-03-22 10:48:09 [main] INFO  Model.Database.JooqDataManager - Fetching Tags assigned to Appointment: 1
2025-03-22 10:48:09 [main] INFO  Model.Database.JooqDataManager - Fetching Tags assigned to Appointment: 2
2025-03-22 10:48:09 [main] INFO  Model.Database.JooqDataManager - Fetching Tags assigned to Appointment: 3
2025-03-22 10:48:09 [main] INFO  com.zaxxer.hikari.HikariDataSource - HikariPool-12 - Shutdown initiated...
2025-03-22 10:48:09 [main] INFO  com.zaxxer.hikari.HikariDataSource - HikariPool-12 - Shutdown completed.
2025-03-22 10:48:09 [main] INFO  Model.Database.JooqDataManager - Database connection pool closed.
2025-03-22 10:48:09 [main] INFO  Model.Database.JooqDataManager - Initializing JooqDataManager with connection pooling: src/test/resources/javenderDataBase.db
2025-03-22 10:48:09 [main] INFO  com.zaxxer.hikari.HikariDataSource - HikariPool-13 - Starting...
2025-03-22 10:48:09 [main] INFO  com.zaxxer.hikari.pool.HikariPool - HikariPool-13 - Added connection org.sqlite.jdbc4.JDBC4Connection@5116ac09
2025-03-22 10:48:09 [main] INFO  com.zaxxer.hikari.HikariDataSource - HikariPool-13 - Start completed.
2025-03-22 10:48:09 [main] INFO  Model.Database.JooqDataManager - Fetching Tags assigned to Appointment: 1
2025-03-22 10:48:09 [main] INFO  com.zaxxer.hikari.HikariDataSource - HikariPool-13 - Shutdown initiated...
2025-03-22 10:48:09 [main] INFO  com.zaxxer.hikari.HikariDataSource - HikariPool-13 - Shutdown completed.
2025-03-22 10:48:09 [main] INFO  Model.Database.JooqDataManager - Database connection pool closed.
2025-03-22 10:48:09 [main] INFO  Model.Database.JooqDataManager - Initializing JooqDataManager with connection pooling: src/test/resources/javenderDataBase.db
2025-03-22 10:48:09 [main] INFO  com.zaxxer.hikari.HikariDataSource - HikariPool-14 - Starting...
2025-03-22 10:48:09 [main] INFO  com.zaxxer.hikari.pool.HikariPool - HikariPool-14 - Added connection org.sqlite.jdbc4.JDBC4Connection@6d4a65c6
2025-03-22 10:48:09 [main] INFO  com.zaxxer.hikari.HikariDataSource - HikariPool-14 - Start completed.
2025-03-22 10:48:09 [main] INFO  Model.Database.JooqDataManager - Fetching appointments between 2026-01-03T00:00 and 2090-01-04T16:00
2025-03-22 10:48:09 [main] WARN  Model.Database.JooqDataManager - No appointments found between 2026-01-03T00:00 and 2090-01-04T16:00
2025-03-22 10:48:09 [main] INFO  com.zaxxer.hikari.HikariDataSource - HikariPool-14 - Shutdown initiated...
2025-03-22 10:48:09 [main] INFO  com.zaxxer.hikari.HikariDataSource - HikariPool-14 - Shutdown completed.
2025-03-22 10:48:09 [main] INFO  Model.Database.JooqDataManager - Database connection pool closed.
2025-03-22 10:48:09 [main] INFO  Model.Database.JooqDataManager - Initializing JooqDataManager with connection pooling: src/test/resources/javenderDataBase.db
2025-03-22 10:48:09 [main] INFO  com.zaxxer.hikari.HikariDataSource - HikariPool-15 - Starting...
2025-03-22 10:48:09 [main] INFO  com.zaxxer.hikari.pool.HikariPool - HikariPool-15 - Added connection org.sqlite.jdbc4.JDBC4Connection@1bbae752
2025-03-22 10:48:09 [main] INFO  com.zaxxer.hikari.HikariDataSource - HikariPool-15 - Start completed.
2025-03-22 10:48:09 [main] INFO  Model.Database.JooqDataManager - Fetching the next 2 upcoming appointments after 2025-01-01T00:00 with the tag work
2025-03-22 10:48:09 [main] INFO  Model.Database.JooqDataManager - Fetching Tags assigned to Appointment: 2
2025-03-22 10:48:09 [main] INFO  Model.Database.JooqDataManager - Fetching Tags assigned to Appointment: 3
2025-03-22 10:48:09 [main] INFO  Model.Database.JooqDataManager - Fetching the next 2 upcoming appointments after 2025-01-01T00:00 with the tag PerSONal
2025-03-22 10:48:09 [main] WARN  Model.Database.JooqDataManager - Only 1/2 appointments with tag PerSONal found after 2025-01-01T00:00
2025-03-22 10:48:09 [main] INFO  Model.Database.JooqDataManager - Fetching Tags assigned to Appointment: 1
2025-03-22 10:48:09 [main] INFO  com.zaxxer.hikari.HikariDataSource - HikariPool-15 - Shutdown initiated...
2025-03-22 10:48:09 [main] INFO  com.zaxxer.hikari.HikariDataSource - HikariPool-15 - Shutdown completed.
2025-03-22 10:48:09 [main] INFO  Model.Database.JooqDataManager - Database connection pool closed.
2025-03-22 10:48:09 [main] INFO  Model.Database.JooqDataManager - Initializing JooqDataManager with connection pooling: src/test/resources/javenderDataBase.db
2025-03-22 10:48:09 [main] INFO  com.zaxxer.hikari.HikariDataSource - HikariPool-16 - Starting...
2025-03-22 10:48:09 [main] INFO  com.zaxxer.hikari.pool.HikariPool - HikariPool-16 - Added connection org.sqlite.jdbc4.JDBC4Connection@8c46918
2025-03-22 10:48:09 [main] INFO  com.zaxxer.hikari.HikariDataSource - HikariPool-16 - Start completed.
2025-03-22 10:48:09 [main] INFO  Model.Database.JooqDataManager - Fetching appointments with title: Doctor Appointment
2025-03-22 10:48:09 [main] INFO  Model.Database.JooqDataManager - Fetching Tags assigned to Appointment: 1
2025-03-22 10:48:09 [main] INFO  com.zaxxer.hikari.HikariDataSource - HikariPool-16 - Shutdown initiated...
2025-03-22 10:48:09 [main] INFO  com.zaxxer.hikari.HikariDataSource - HikariPool-16 - Shutdown completed.
2025-03-22 10:48:09 [main] INFO  Model.Database.JooqDataManager - Database connection pool closed.
2025-03-22 10:48:09 [main] INFO  Model.Database.JooqDataManager - Initializing JooqDataManager with connection pooling: src/test/resources/javenderDataBase.db
2025-03-22 10:48:09 [main] INFO  com.zaxxer.hikari.HikariDataSource - HikariPool-17 - Starting...
2025-03-22 10:48:09 [main] INFO  com.zaxxer.hikari.pool.HikariPool - HikariPool-17 - Added connection org.sqlite.jdbc4.JDBC4Connection@27fde870
2025-03-22 10:48:09 [main] INFO  com.zaxxer.hikari.HikariDataSource - HikariPool-17 - Start completed.
2025-03-22 10:48:09 [main] INFO  Model.Database.JooqDataManager - Fetching tag by title: Personal
2025-03-22 10:48:09 [main] INFO  Model.Database.JooqDataManager - Fetching tag by title: Personal
2025-03-22 10:48:09 [main] INFO  Model.Database.JooqDataManager - Updating tag: Tag{tagId=1, name='Personal', color=blue}
2025-03-22 10:48:09 [main] INFO  Model.Database.JooqDataManager - Fetching Tag with ID: 1
2025-03-22 10:48:09 [main] INFO  Model.Database.JooqDataManager - Successfully updated tag with ID: 1
2025-03-22 10:48:09 [main] INFO  Model.Database.JooqDataManager - Fetching tag by title: Personal
2025-03-22 10:48:09 [main] INFO  Model.Database.JooqDataManager - Initializing JooqDataManager with connection pooling: src/test/resources/javenderDataBase.db
2025-03-22 10:48:09 [main] INFO  com.zaxxer.hikari.HikariDataSource - HikariPool-18 - Starting...
2025-03-22 10:48:09 [main] INFO  com.zaxxer.hikari.pool.HikariPool - HikariPool-18 - Added connection org.sqlite.jdbc4.JDBC4Connection@79ab34c1
2025-03-22 10:48:09 [main] INFO  com.zaxxer.hikari.HikariDataSource - HikariPool-18 - Start completed.
2025-03-22 10:48:09 [main] INFO  Model.Database.JooqDataManager - Initializing JooqDataManager with connection pooling: src/test/resources/javenderDataBase.db
2025-03-22 10:48:09 [main] INFO  com.zaxxer.hikari.HikariDataSource - HikariPool-19 - Starting...
2025-03-22 10:48:09 [main] INFO  com.zaxxer.hikari.pool.HikariPool - HikariPool-19 - Added connection org.sqlite.jdbc4.JDBC4Connection@3c7cfcbb
2025-03-22 10:48:09 [main] INFO  com.zaxxer.hikari.HikariDataSource - HikariPool-19 - Start completed.
2025-03-22 10:48:09 [main] INFO  Model.Database.JooqDataManager - Fetching tag by title: Pumpen gehen
2025-03-22 10:48:09 [main] WARN  Model.Database.JooqDataManager - No tag found with title: Pumpen gehen
2025-03-22 10:48:09 [main] INFO  Model.Database.JooqDataManager - Adding new tag: Tag{tagId=0, name='Pumpen gehen', color=red}
2025-03-22 10:48:09 [main] INFO  Model.Database.JooqDataManager - Successfully added tag with ID: 834
2025-03-22 10:48:09 [main] INFO  Model.Database.JooqDataManager - Fetching tag by title: Pumpen gehen
2025-03-22 10:48:09 [main] INFO  Model.Database.JooqDataManager - Initializing JooqDataManager with connection pooling: src/test/resources/javenderDataBase.db
2025-03-22 10:48:09 [main] INFO  com.zaxxer.hikari.HikariDataSource - HikariPool-20 - Starting...
2025-03-22 10:48:09 [main] INFO  com.zaxxer.hikari.pool.HikariPool - HikariPool-20 - Added connection org.sqlite.jdbc4.JDBC4Connection@6a9d5dff
2025-03-22 10:48:09 [main] INFO  com.zaxxer.hikari.HikariDataSource - HikariPool-20 - Start completed.
2025-03-22 10:48:09 [main] INFO  Model.Database.JooqDataManager - Initializing JooqDataManager with connection pooling: src/test/resources/javenderDataBase.db
2025-03-22 10:48:09 [main] INFO  com.zaxxer.hikari.HikariDataSource - HikariPool-21 - Starting...
2025-03-22 10:48:09 [main] INFO  com.zaxxer.hikari.pool.HikariPool - HikariPool-21 - Added connection org.sqlite.jdbc4.JDBC4Connection@2e140e59
2025-03-22 10:48:09 [main] INFO  com.zaxxer.hikari.HikariDataSource - HikariPool-21 - Start completed.
2025-03-22 10:48:09 [main] INFO  Model.Database.JooqDataManager - Initializing JooqDataManager with connection pooling: src/test/resources/javenderDataBase.db
2025-03-22 10:48:09 [main] INFO  com.zaxxer.hikari.HikariDataSource - HikariPool-22 - Starting...
2025-03-22 10:48:09 [main] INFO  com.zaxxer.hikari.pool.HikariPool - HikariPool-22 - Added connection org.sqlite.jdbc4.JDBC4Connection@769a58e5
2025-03-22 10:48:09 [main] INFO  com.zaxxer.hikari.HikariDataSource - HikariPool-22 - Start completed.
2025-03-22 10:48:09 [main] INFO  Model.Database.JooqDataManager - Fetching tag by title: Personal
2025-03-22 10:48:09 [main] INFO  Model.Database.JooqDataManager - Fetching tag by title: Personal
2025-03-22 10:48:09 [main] INFO  Model.Database.JooqDataManager - Fetching tag by title: Personal
2025-03-22 10:48:09 [main] INFO  Model.Database.JooqDataManager - Initializing JooqDataManager with connection pooling: src/test/resources/javenderDataBase.db
2025-03-22 10:48:09 [main] INFO  com.zaxxer.hikari.HikariDataSource - HikariPool-23 - Starting...
2025-03-22 10:48:09 [main] INFO  com.zaxxer.hikari.pool.HikariPool - HikariPool-23 - Added connection org.sqlite.jdbc4.JDBC4Connection@cb0f763
2025-03-22 10:48:09 [main] INFO  com.zaxxer.hikari.HikariDataSource - HikariPool-23 - Start completed.
2025-03-22 10:48:09 [main] INFO  Model.Database.JooqDataManager - Initializing JooqDataManager with connection pooling: src/test/resources/javenderDataBase.db
2025-03-22 10:48:09 [main] INFO  com.zaxxer.hikari.HikariDataSource - HikariPool-24 - Starting...
2025-03-22 10:48:09 [main] INFO  com.zaxxer.hikari.pool.HikariPool - HikariPool-24 - Added connection org.sqlite.jdbc4.JDBC4Connection@109d724c
2025-03-22 10:48:09 [main] INFO  com.zaxxer.hikari.HikariDataSource - HikariPool-24 - Start completed.
2025-03-22 10:48:09 [main] INFO  Model.Database.JooqDataManager - Initializing JooqDataManager with connection pooling: src/test/resources/javenderDataBase.db
2025-03-22 10:48:09 [main] INFO  com.zaxxer.hikari.HikariDataSource - HikariPool-25 - Starting...
2025-03-22 10:48:09 [main] INFO  com.zaxxer.hikari.pool.HikariPool - HikariPool-25 - Added connection org.sqlite.jdbc4.JDBC4Connection@31da6b2e
2025-03-22 10:48:09 [main] INFO  com.zaxxer.hikari.HikariDataSource - HikariPool-25 - Start completed.
2025-03-22 10:48:09 [main] INFO  Model.Database.JooqDataManager - Removing all tags from the database
2025-03-22 10:48:09 [main] INFO  Model.Database.JooqDataManager - Adding new tag: Tag{tagId=0, name='testingTag', color=yellow}
2025-03-22 10:48:09 [main] INFO  Model.Database.JooqDataManager - Successfully added tag with ID: 835
2025-03-22 10:48:09 [main] INFO  Model.Database.JooqDataManager - Adding new tag: Tag{tagId=0, name='Uni', color=purple}
2025-03-22 10:48:09 [main] INFO  Model.Database.JooqDataManager - Successfully added tag with ID: 836
2025-03-22 10:48:09 [main] INFO  Model.Database.JooqDataManager - Adding new appointment in transaction: Appointment{appointmentId=0, startDate=2030-10-01T00:00, endDate=2030-10-01T02:00, title='Meeting', description='Presenting results', tags=[Tag{tagId=835, name='testingTag', color=yellow}, Tag{tagId=836, name='Uni', color=purple}]}
2025-03-22 10:48:09 [main] INFO  Model.Database.JooqDataManager - Adding Tag Tag{tagId=835, name='testingTag', color=yellow} to Appointment ID: 904
2025-03-22 10:48:09 [main] INFO  Model.Database.JooqDataManager - Adding Tag Tag{tagId=836, name='Uni', color=purple} to Appointment ID: 904
2025-03-22 10:48:09 [main] INFO  Model.Database.JooqDataManager - Successfully added appointment with ID: 904
2025-03-22 10:48:09 [main] INFO  Model.Database.JooqDataManager - Fetching appointment with ID: 904
2025-03-22 10:48:09 [main] INFO  Model.Database.JooqDataManager - Fetching Tags assigned to Appointment: 904
2025-03-22 10:48:09 [main] INFO  Model.Database.JooqDataManager - Fetching Tags assigned to Appointment: 904
2025-03-22 10:48:09 [main] INFO  Model.Database.JooqDataManager - Removing appointment: Appointment{appointmentId=904, startDate=2030-10-01T00:00, endDate=2030-10-01T02:00, title='Meeting', description='Presenting results', tags=[Tag{tagId=835, name='testingTag', color=yellow}, Tag{tagId=836, name='Uni', color=purple}]}
2025-03-22 10:48:09 [main] INFO  Model.Database.JooqDataManager - Removing appointment with ID: 904
2025-03-22 10:48:09 [main] INFO  Model.Database.JooqDataManager - Successfully removed appointment with ID: 904
2025-03-22 10:48:09 [main] INFO  Model.Database.JooqDataManager - Fetching appointment with ID: 904
2025-03-22 10:48:09 [main] WARN  Model.Database.JooqDataManager - No appointment found in database for ID: 904
2025-03-22 10:48:09 [main] INFO  Model.Database.JooqDataManager - Fetching Tags assigned to Appointment: 904
2025-03-22 10:48:09 [main] INFO  Model.Database.JooqDataManager - Initializing JooqDataManager with connection pooling: src/test/resources/javenderDataBase.db
2025-03-22 10:48:09 [main] INFO  com.zaxxer.hikari.HikariDataSource - HikariPool-26 - Starting...
2025-03-22 10:48:09 [main] INFO  com.zaxxer.hikari.pool.HikariPool - HikariPool-26 - Added connection org.sqlite.jdbc4.JDBC4Connection@4c2869a9
2025-03-22 10:48:09 [main] INFO  com.zaxxer.hikari.HikariDataSource - HikariPool-26 - Start completed.
2025-03-22 10:48:09 [main] INFO  Model.Database.JooqDataManager - Removing all tags from the database
2025-03-22 10:48:09 [main] INFO  Model.Database.JooqDataManager - Adding new tag: Tag{tagId=0, name='Hardcore Bodybuilding', color=Regenbogen}
2025-03-22 10:48:09 [main] INFO  Model.Database.JooqDataManager - Successfully added tag with ID: 837
2025-03-22 10:48:09 [main] INFO  Model.Database.JooqDataManager - Fetching Tag with ID: 837
2025-03-22 10:48:09 [main] INFO  Model.Database.JooqDataManager - Removing tag: Tag{tagId=837, name='Hardcore Bodybuilding', color=Regenbogen}
2025-03-22 10:48:09 [main] INFO  Model.Database.JooqDataManager - Removing tag with ID: 837
2025-03-22 10:48:09 [main] INFO  Model.Database.JooqDataManager - Successfully removed tag with ID: 837
2025-03-22 10:48:09 [main] INFO  Model.Database.JooqDataManager - Fetching Tag with ID: 837
2025-03-22 10:48:09 [main] WARN  Model.Database.JooqDataManager - No Tag found with ID: 837
2025-03-22 10:48:09 [main] INFO  Model.Database.JooqDataManager - Initializing JooqDataManager with connection pooling: src/test/resources/javenderDataBase.db
2025-03-22 10:48:09 [main] INFO  com.zaxxer.hikari.HikariDataSource - HikariPool-27 - Starting...
2025-03-22 10:48:09 [main] INFO  com.zaxxer.hikari.pool.HikariPool - HikariPool-27 - Added connection org.sqlite.jdbc4.JDBC4Connection@6fd1660
2025-03-22 10:48:09 [main] INFO  com.zaxxer.hikari.HikariDataSource - HikariPool-27 - Start completed.
2025-03-22 10:48:09 [main] INFO  Model.Database.JooqDataManager - Removing all tags from the database
2025-03-22 10:48:09 [main] INFO  Model.Database.JooqDataManager - Adding new tag: Tag{tagId=0, name='Start', color=blue}
2025-03-22 10:48:09 [main] INFO  Model.Database.JooqDataManager - Successfully added tag with ID: 838
2025-03-22 10:48:09 [main] INFO  Model.Database.JooqDataManager - Fetching tag by title: Start
2025-03-22 10:48:09 [main] INFO  Model.Database.JooqDataManager - Updating tag: Tag{tagId=838, name='Start', color=yellow}
2025-03-22 10:48:09 [main] INFO  Model.Database.JooqDataManager - Fetching Tag with ID: 838
2025-03-22 10:48:09 [main] INFO  Model.Database.JooqDataManager - Successfully updated tag with ID: 838
2025-03-22 10:48:09 [main] INFO  Model.Database.JooqDataManager - Fetching tag by title: Start
2025-03-22 10:48:09 [main] INFO  Model.Database.JooqDataManager - Initializing JooqDataManager with connection pooling: src/test/resources/javenderDataBase.db
2025-03-22 10:48:09 [main] INFO  com.zaxxer.hikari.HikariDataSource - HikariPool-28 - Starting...
2025-03-22 10:48:09 [main] INFO  com.zaxxer.hikari.pool.HikariPool - HikariPool-28 - Added connection org.sqlite.jdbc4.JDBC4Connection@f339eae
2025-03-22 10:48:09 [main] INFO  com.zaxxer.hikari.HikariDataSource - HikariPool-28 - Start completed.
2025-03-22 10:48:09 [main] INFO  Model.Database.JooqDataManager - Removing all tags from the database
2025-03-22 10:48:09 [main] INFO  Model.Database.JooqDataManager - Adding new tag: Tag{tagId=0, name='testingTag', color=yellow}
2025-03-22 10:48:09 [main] INFO  Model.Database.JooqDataManager - Successfully added tag with ID: 839
2025-03-22 10:48:09 [main] INFO  Model.Database.JooqDataManager - Adding new tag: Tag{tagId=0, name='Uni', color=purple}
2025-03-22 10:48:09 [main] INFO  Model.Database.JooqDataManager - Successfully added tag with ID: 840
2025-03-22 10:48:09 [main] INFO  Model.Database.JooqDataManager - Adding new appointment in transaction: Appointment{appointmentId=0, startDate=2030-10-01T00:00, endDate=2030-10-01T02:00, title='Meeting', description='Presenting results', tags=[Tag{tagId=839, name='testingTag', color=yellow}, Tag{tagId=840, name='Uni', color=purple}]}
2025-03-22 10:48:09 [main] INFO  Model.Database.JooqDataManager - Adding Tag Tag{tagId=839, name='testingTag', color=yellow} to Appointment ID: 905
2025-03-22 10:48:09 [main] INFO  Model.Database.JooqDataManager - Adding Tag Tag{tagId=840, name='Uni', color=purple} to Appointment ID: 905
2025-03-22 10:48:09 [main] INFO  Model.Database.JooqDataManager - Successfully added appointment with ID: 905
2025-03-22 10:48:09 [main] INFO  Model.Database.JooqDataManager - Fetching appointment with ID: 905
2025-03-22 10:48:09 [main] INFO  Model.Database.JooqDataManager - Fetching Tags assigned to Appointment: 905
2025-03-22 10:48:09 [main] INFO  Model.Database.JooqDataManager - Removing all appointments from the database
2025-03-22 10:48:09 [main] INFO  Model.Database.JooqDataManager - Fetching appointment with ID: 905
2025-03-22 10:48:09 [main] WARN  Model.Database.JooqDataManager - No appointment found in database for ID: 905
2025-03-22 10:48:09 [main] INFO  Model.Database.JooqDataManager - Fetching Tags assigned to Appointment: 905
2025-03-22 10:48:09 [main] INFO  Model.Database.JooqDataManager - Initializing JooqDataManager with connection pooling: src/test/resources/javenderDataBase.db
2025-03-22 10:48:09 [main] INFO  com.zaxxer.hikari.HikariDataSource - HikariPool-29 - Starting...
2025-03-22 10:48:09 [main] INFO  com.zaxxer.hikari.pool.HikariPool - HikariPool-29 - Added connection org.sqlite.jdbc4.JDBC4Connection@476a736d
2025-03-22 10:48:09 [main] INFO  com.zaxxer.hikari.HikariDataSource - HikariPool-29 - Start completed.
2025-03-22 10:48:09 [main] INFO  Model.Database.JooqDataManager - Removing all tags from the database
2025-03-22 10:48:09 [main] INFO  Model.Database.JooqDataManager - Adding new tag: Tag{tagId=0, name='testingTag', color=yellow}
2025-03-22 10:48:09 [main] INFO  Model.Database.JooqDataManager - Successfully added tag with ID: 841
2025-03-22 10:48:09 [main] INFO  Model.Database.JooqDataManager - Adding new tag: Tag{tagId=0, name='Uni', color=purple}
2025-03-22 10:48:09 [main] INFO  Model.Database.JooqDataManager - Successfully added tag with ID: 842
2025-03-22 10:48:09 [main] INFO  Model.Database.JooqDataManager - Adding new appointment in transaction: Appointment{appointmentId=0, startDate=2030-10-01T00:00, endDate=2030-10-01T02:00, title='Meeting', description='Presenting results', tags=[Tag{tagId=841, name='testingTag', color=yellow}, Tag{tagId=842, name='Uni', color=purple}]}
2025-03-22 10:48:09 [main] INFO  Model.Database.JooqDataManager - Adding Tag Tag{tagId=841, name='testingTag', color=yellow} to Appointment ID: 906
2025-03-22 10:48:09 [main] INFO  Model.Database.JooqDataManager - Adding Tag Tag{tagId=842, name='Uni', color=purple} to Appointment ID: 906
2025-03-22 10:48:09 [main] INFO  Model.Database.JooqDataManager - Successfully added appointment with ID: 906
2025-03-22 10:48:09 [main] INFO  Model.Database.JooqDataManager - Fetching appointment with ID: 906
2025-03-22 10:48:09 [main] INFO  Model.Database.JooqDataManager - Fetching Tags assigned to Appointment: 906
2025-03-22 10:48:09 [main] INFO  Model.Database.JooqDataManager - Removing all tags from the database
2025-03-22 10:48:09 [main] INFO  Model.Database.JooqDataManager - Fetching Tags assigned to Appointment: 906
2025-03-22 10:48:09 [main] INFO  com.zaxxer.hikari.HikariDataSource - HikariPool-29 - Shutdown initiated...
2025-03-22 10:48:09 [main] INFO  com.zaxxer.hikari.HikariDataSource - HikariPool-29 - Shutdown completed.
2025-03-22 10:48:09 [main] INFO  Model.Database.JooqDataManager - Database connection pool closed.
